<<<<<<< refs/remotes/origin/master
This is pdfTeX, Version 3.14159265-2.6-1.40.21 (MiKTeX 2.9.7440 64-bit) (preloaded format=pdflatex 2020.5.27)  6 JUN 2020 18:51
=======
<<<<<<< Updated upstream
This is pdfTeX, Version 3.14159265-2.6-1.40.21 (MiKTeX 2.9.7440 64-bit) (preloaded format=pdflatex 2020.5.27)  6 JUN 2020 06:15
=======
This is pdfTeX, Version 3.14159265-2.6-1.40.21 (MiKTeX 2.9.7400 64-bit) (preloaded format=pdflatex 2020.5.7)  6 JUN 2020 02:53
>>>>>>> Stashed changes
>>>>>>> Auto stash before merge of "master" and "origin/master"
entering extended mode
**./vorlage.tex
(vorlage.tex
LaTeX2e <2020-02-02> patch level 5
L3 programming layer <2020-05-15> (i-studis.cls
Document Class: i-studis 2005/09/23 v4.11 
Springer Verlag global LaTeX document class for monographs
("C:\Users\simon\AppData\Local\Programs\MiKTeX 2.9\tex/latex/url\url.sty"
\Urlmuskip=\muskip16
Package: url 2013/09/16  ver 3.4  Verb mode for urls, etc.
)
Class Springer-SVMono Info: extra/valid Springer sub-package 
(Springer-SVMono)           not found in option list - using "global" style.

("C:\Users\simon\AppData\Local\Programs\MiKTeX 2.9\tex/latex/base\article.cls"
Document Class: article 2019/12/20 v1.4l Standard LaTeX document class
("C:\Users\simon\AppData\Local\Programs\MiKTeX 2.9\tex/latex/base\size12.clo"
File: size12.clo 2019/12/20 v1.4l Standard LaTeX file (size option)
)
\c@part=\count167
\c@section=\count168
\c@subsection=\count169
\c@subsubsection=\count170
\c@paragraph=\count171
\c@subparagraph=\count172
\c@figure=\count173
\c@table=\count174
\abovecaptionskip=\skip47
\belowcaptionskip=\skip48
\bibindent=\dimen134
)
\betweenumberspace=\dimen135
\headlineindent=\dimen136
\c@chapter=\count175
\chapstarthookwidth=\dimen137
\svitemindent=\dimen138
\verbatimindent=\dimen139
LaTeX Font Info:    Redeclaring math symbol \Gamma on input line 745.
LaTeX Font Info:    Redeclaring math symbol \Delta on input line 746.
LaTeX Font Info:    Redeclaring math symbol \Theta on input line 747.
LaTeX Font Info:    Redeclaring math symbol \Lambda on input line 748.
LaTeX Font Info:    Redeclaring math symbol \Xi on input line 749.
LaTeX Font Info:    Redeclaring math symbol \Pi on input line 750.
LaTeX Font Info:    Redeclaring math symbol \Sigma on input line 751.
LaTeX Font Info:    Redeclaring math symbol \Upsilon on input line 752.
LaTeX Font Info:    Redeclaring math symbol \Phi on input line 753.
LaTeX Font Info:    Redeclaring math symbol \Psi on input line 754.
LaTeX Font Info:    Redeclaring math symbol \Omega on input line 755.
\tocchpnum=\dimen140
\tocsecnum=\dimen141
\tocsectotal=\dimen142
\tocsubsecnum=\dimen143
\tocsubsectotal=\dimen144
\tocsubsubsecnum=\dimen145
\tocsubsubsectotal=\dimen146
\tocparanum=\dimen147
\tocparatotal=\dimen148
\tocsubparanum=\dimen149
\foot@parindent=\dimen150
\spthmsep=\dimen151
\c@theorem=\count176
\c@prob=\count177
\instindent=\dimen152
\figgap=\dimen153
\figcapgap=\dimen154
\tabcapgap=\dimen155
\c@merk=\count178
) ("C:\Users\simon\AppData\Local\Programs\MiKTeX 2.9\tex/latex/base\makeidx.sty
"
Package: makeidx 2014/09/29 v1.0m Standard LaTeX package
)
("C:\Users\simon\AppData\Local\Programs\MiKTeX 2.9\tex/latex/tools\multicol.sty
"
Package: multicol 2019/12/09 v1.8y multicolumn formatting (FMi)
\c@tracingmulticols=\count179
\mult@box=\box45
\multicol@leftmargin=\dimen156
\c@unbalance=\count180
\c@collectmore=\count181
\doublecol@number=\count182
\multicoltolerance=\count183
\multicolpretolerance=\count184
\full@width=\dimen157
\page@free=\dimen158
\premulticols=\dimen159
\postmulticols=\dimen160
\multicolsep=\skip49
\multicolbaselineskip=\skip50
\partial@page=\box46
\last@line=\box47
\maxbalancingoverflow=\dimen161
\mult@rightbox=\box48
\mult@grightbox=\box49
\mult@gfirstbox=\box50
\mult@firstbox=\box51
\@tempa=\box52
\@tempa=\box53
\@tempa=\box54
\@tempa=\box55
\@tempa=\box56
\@tempa=\box57
\@tempa=\box58
\@tempa=\box59
\@tempa=\box60
\@tempa=\box61
\@tempa=\box62
\@tempa=\box63
\@tempa=\box64
\@tempa=\box65
\@tempa=\box66
\@tempa=\box67
\@tempa=\box68
\@tempa=\box69
\@tempa=\box70
\@tempa=\box71
\@tempa=\box72
\@tempa=\box73
\@tempa=\box74
\@tempa=\box75
\@tempa=\box76
\@tempa=\box77
\@tempa=\box78
\@tempa=\box79
\@tempa=\box80
\@tempa=\box81
\@tempa=\box82
\@tempa=\box83
\@tempa=\box84
\@tempa=\box85
\@tempa=\box86
\@tempa=\box87
\@tempa=\box88
\c@minrows=\count185
\c@columnbadness=\count186
\c@finalcolumnbadness=\count187
\last@try=\dimen162
\multicolovershoot=\dimen163
\multicolundershoot=\dimen164
\mult@nat@firstbox=\box89
\colbreak@box=\box90
\mc@col@check@num=\count188
)
("C:\Users\simon\AppData\Local\Programs\MiKTeX 2.9\tex/latex/graphics\graphicx.
sty"
Package: graphicx 2019/11/30 v1.2a Enhanced LaTeX Graphics (DPC,SPQR)

("C:\Users\simon\AppData\Local\Programs\MiKTeX 2.9\tex/latex/graphics\keyval.st
y"
Package: keyval 2014/10/28 v1.15 key=value parser (DPC)
\KV@toks@=\toks15
)
("C:\Users\simon\AppData\Local\Programs\MiKTeX 2.9\tex/latex/graphics\graphics.
sty"
Package: graphics 2019/11/30 v1.4a Standard LaTeX Graphics (DPC,SPQR)

("C:\Users\simon\AppData\Local\Programs\MiKTeX 2.9\tex/latex/graphics\trig.sty"
Package: trig 2016/01/03 v1.10 sin cos tan (DPC)
)
("C:\Users\simon\AppData\Local\Programs\MiKTeX 2.9\tex/latex/graphics-cfg\graph
ics.cfg"
File: graphics.cfg 2016/06/04 v1.11 sample graphics configuration
)
Package graphics Info: Driver file: pdftex.def on input line 105.

("C:\Users\simon\AppData\Local\Programs\MiKTeX 2.9\tex/latex/graphics-def\pdfte
x.def"
File: pdftex.def 2018/01/08 v1.0l Graphics/color driver for pdftex
))
\Gin@req@height=\dimen165
\Gin@req@width=\dimen166
)
("C:\Users\simon\AppData\Local\Programs\MiKTeX 2.9\tex/latex/epstopdf-pkg\epsto
pdf.sty"
Package: epstopdf 2020-01-24 v2.11 Conversion with epstopdf on the fly (HO)

("C:\Users\simon\AppData\Local\Programs\MiKTeX 2.9\tex/generic/infwarerr\infwar
err.sty"
Package: infwarerr 2019/12/03 v1.5 Providing info/warning/error messages (HO)
)
("C:\Users\simon\AppData\Local\Programs\MiKTeX 2.9\tex/latex/grfext\grfext.sty"
Package: grfext 2019/12/03 v1.3 Manage graphics extensions (HO)

("C:\Users\simon\AppData\Local\Programs\MiKTeX 2.9\tex/generic/kvdefinekeys\kvd
efinekeys.sty"
Package: kvdefinekeys 2019-12-19 v1.6 Define keys (HO)
))
("C:\Users\simon\AppData\Local\Programs\MiKTeX 2.9\tex/latex/kvoptions\kvoption
s.sty"
Package: kvoptions 2019/11/29 v3.13 Key value format for package options (HO)

("C:\Users\simon\AppData\Local\Programs\MiKTeX 2.9\tex/generic/ltxcmds\ltxcmds.
sty"
Package: ltxcmds 2019/12/15 v1.24 LaTeX kernel commands for general use (HO)
)
("C:\Users\simon\AppData\Local\Programs\MiKTeX 2.9\tex/generic/kvsetkeys\kvsetk
eys.sty"
Package: kvsetkeys 2019/12/15 v1.18 Key value parser (HO)
))
("C:\Users\simon\AppData\Local\Programs\MiKTeX 2.9\tex/latex/pdftexcmds\pdftexc
mds.sty"
Package: pdftexcmds 2019/11/24 v0.31 Utility functions of pdfTeX for LuaTeX (HO
)

("C:\Users\simon\AppData\Local\Programs\MiKTeX 2.9\tex/generic/iftex\iftex.sty"
Package: iftex 2020/03/06 v1.0d TeX engine tests
)
Package pdftexcmds Info: \pdf@primitive is available.
Package pdftexcmds Info: \pdf@ifprimitive is available.
Package pdftexcmds Info: \pdfdraftmode found.
)
("C:\Users\simon\AppData\Local\Programs\MiKTeX 2.9\tex/latex/epstopdf-pkg\epsto
pdf-base.sty"
Package: epstopdf-base 2020-01-24 v2.11 Base part for package epstopdf
Package epstopdf-base Info: Redefining graphics rule for `.eps' on input line 4
85.
Package grfext Info: Graphics extension search list:
(grfext)             [.pdf,.png,.jpg,.mps,.jpeg,.jbig2,.jb2,.PDF,.PNG,.JPG,.JPE
G,.JBIG2,.JB2,.eps]
(grfext)             \AppendGraphicsExtensions on input line 504.
))
("C:\Users\simon\AppData\Local\Programs\MiKTeX 2.9\tex/latex/hyperref\hyperref.
sty"
Package: hyperref 2020-05-15 v7.00e Hypertext links for LaTeX

("C:\Users\simon\AppData\Local\Programs\MiKTeX 2.9\tex/generic/pdfescape\pdfesc
ape.sty"
Package: pdfescape 2019/12/09 v1.15 Implements pdfTeX's escape features (HO)
)
("C:\Users\simon\AppData\Local\Programs\MiKTeX 2.9\tex/latex/hycolor\hycolor.st
y"
Package: hycolor 2020-01-27 v1.10 Color options for hyperref/bookmark (HO)
)
("C:\Users\simon\AppData\Local\Programs\MiKTeX 2.9\tex/latex/letltxmacro\letltx
macro.sty"
Package: letltxmacro 2019/12/03 v1.6 Let assignment for LaTeX macros (HO)
)
("C:\Users\simon\AppData\Local\Programs\MiKTeX 2.9\tex/latex/auxhook\auxhook.st
y"
Package: auxhook 2019-12-17 v1.6 Hooks for auxiliary files (HO)
)
\@linkdim=\dimen167
\Hy@linkcounter=\count189
\Hy@pagecounter=\count190

("C:\Users\simon\AppData\Local\Programs\MiKTeX 2.9\tex/latex/hyperref\pd1enc.de
f"
File: pd1enc.def 2020-05-15 v7.00e Hyperref: PDFDocEncoding definition (HO)
Now handling font encoding PD1 ...
... no UTF-8 mapping file for font encoding PD1
)
("C:\Users\simon\AppData\Local\Programs\MiKTeX 2.9\tex/generic/intcalc\intcalc.
sty"
Package: intcalc 2019/12/15 v1.3 Expandable calculations with integers (HO)
)
("C:\Users\simon\AppData\Local\Programs\MiKTeX 2.9\tex/generic/etexcmds\etexcmd
s.sty"
Package: etexcmds 2019/12/15 v1.7 Avoid name clashes with e-TeX commands (HO)
)
\Hy@SavedSpaceFactor=\count191
Package hyperref Info: Option `plainpages' set `false' on input line 4338.
Package hyperref Info: Hyper figures OFF on input line 4464.
Package hyperref Info: Link nesting OFF on input line 4469.
Package hyperref Info: Hyper index ON on input line 4472.
Package hyperref Info: Plain pages OFF on input line 4479.
Package hyperref Info: Backreferencing OFF on input line 4484.
Package hyperref Info: Implicit mode ON; LaTeX internals redefined.
Package hyperref Info: Bookmarks ON on input line 4717.
\c@Hy@tempcnt=\count192
LaTeX Info: Redefining \url on input line 5076.
\XeTeXLinkMargin=\dimen168

("C:\Users\simon\AppData\Local\Programs\MiKTeX 2.9\tex/generic/bitset\bitset.st
y"
Package: bitset 2019/12/09 v1.3 Handle bit-vector datatype (HO)

("C:\Users\simon\AppData\Local\Programs\MiKTeX 2.9\tex/generic/bigintcalc\bigin
tcalc.sty"
Package: bigintcalc 2019/12/15 v1.5 Expandable calculations on big integers (HO
)
))
\Fld@menulength=\count193
\Field@Width=\dimen169
\Fld@charsize=\dimen170
Package hyperref Info: Hyper figures OFF on input line 6347.
Package hyperref Info: Link nesting OFF on input line 6352.
Package hyperref Info: Hyper index ON on input line 6355.
Package hyperref Info: backreferencing OFF on input line 6362.
Package hyperref Info: Link coloring OFF on input line 6367.
Package hyperref Info: Link coloring with OCG OFF on input line 6372.
Package hyperref Info: PDF/A mode OFF on input line 6377.
LaTeX Info: Redefining \ref on input line 6417.
LaTeX Info: Redefining \pageref on input line 6421.

("C:\Users\simon\AppData\Local\Programs\MiKTeX 2.9\tex/generic/atbegshi\atbegsh
i.sty"
Package: atbegshi 2019/12/05 v1.19 At begin shipout hook (HO)
)
\Hy@abspage=\count194
\c@Item=\count195
\c@Hfootnote=\count196
)
Package hyperref Info: Driver: hpdftex.

("C:\Users\simon\AppData\Local\Programs\MiKTeX 2.9\tex/latex/hyperref\hpdftex.d
ef"
File: hpdftex.def 2020-05-15 v7.00e Hyperref driver for pdfTeX

("C:\Users\simon\AppData\Local\Programs\MiKTeX 2.9\tex/latex/atveryend\atveryen
d.sty"
Package: atveryend 2019-12-11 v1.11 Hooks at the very end of document (HO)
Package atveryend Info: \enddocument detected (standard20110627).
)
\Fld@listcount=\count197
\c@bookmark@seq@number=\count198

("C:\Users\simon\AppData\Local\Programs\MiKTeX 2.9\tex/latex/rerunfilecheck\rer
unfilecheck.sty"
Package: rerunfilecheck 2019/12/05 v1.9 Rerun checks for auxiliary files (HO)

("C:\Users\simon\AppData\Local\Programs\MiKTeX 2.9\tex/generic/uniquecounter\un
iquecounter.sty"
Package: uniquecounter 2019/12/15 v1.4 Provide unlimited unique counter (HO)
)
Package uniquecounter Info: New unique counter `rerunfilecheck' on input line 2
86.
)
\Hy@SectionHShift=\skip51
)
<<<<<<< Updated upstream
("C:\Users\simon\AppData\Local\Programs\MiKTeX 2.9\tex/latex/graphics\color.sty
"
=======
("C:\Users\Felix Kalchschmid\AppData\Local\Programs\MiKTeX 2.9\tex/latex/algori
thmicx\algpseudocode.sty"
Package: algpseudocode 

("C:\Users\Felix Kalchschmid\AppData\Local\Programs\MiKTeX 2.9\tex/latex/base\i
fthen.sty"
Package: ifthen 2014/09/29 v1.1c Standard LaTeX ifthen package (DPC)
)
("C:\Users\Felix Kalchschmid\AppData\Local\Programs\MiKTeX 2.9\tex/latex/algori
thmicx\algorithmicx.sty"
Package: algorithmicx 2005/04/27 v1.2 Algorithmicx

Document Style algorithmicx 1.2 - a greatly improved `algorithmic' style
\c@ALG@line=\count199
\c@ALG@rem=\count266
\c@ALG@nested=\count267
\ALG@tlm=\skip52
\ALG@thistlm=\skip53
\c@ALG@Lnr=\count268
\c@ALG@blocknr=\count269
\c@ALG@storecount=\count270
\c@ALG@tmpcounter=\count271
\ALG@tmplength=\skip54
)
Document Style - pseudocode environments for use with the `algorithmicx' style
)
("C:\Users\Felix Kalchschmid\AppData\Local\Programs\MiKTeX 2.9\tex/latex/graphi
cs\color.sty"
>>>>>>> Stashed changes
Package: color 2019/11/23 v1.2a Standard LaTeX Color (DPC)

("C:\Users\simon\AppData\Local\Programs\MiKTeX 2.9\tex/latex/graphics-cfg\color
.cfg"
File: color.cfg 2016/01/02 v1.6 sample color configuration
)
Package color Info: Driver file: pdftex.def on input line 147.
)
("C:\Users\simon\AppData\Local\Programs\MiKTeX 2.9\tex/generic/babel\babel.sty"
Package: babel 2020/05/13 3.44 The Babel package
("C:\Users\simon\AppData\Local\Programs\MiKTeX 2.9\tex/generic/babel\babel.def"
File: babel.def 2020/05/13 3.44 Babel common definitions
\babel@savecnt=\count199
\U@D=\dimen171
\l@babelnohyphens=\language79

("C:\Users\simon\AppData\Local\Programs\MiKTeX 2.9\tex/generic/babel\txtbabel.d
ef")
\bbl@readstream=\read2
)
\bbl@dirlevel=\count266

*************************************
* Local config file bblopts.cfg used
*
("C:\Users\simon\AppData\Local\Programs\MiKTeX 2.9\tex/latex/arabi\bblopts.cfg"
File: bblopts.cfg 2005/09/08 v0.1 add Arabic and Farsi to "declared" options of
 babel
)
("C:\Users\simon\AppData\Local\Programs\MiKTeX 2.9\tex/latex/babel-english\engl
ish.ldf"
Language: english 2017/06/06 v3.3r English support from the babel system
<<<<<<< Updated upstream
=======

("C:\Users\Felix Kalchschmid\AppData\Local\Programs\MiKTeX 2.9\tex/generic/babe
l\babel.def"
File: babel.def 2020/03/22 3.42 Babel common definitions
\babel@savecnt=\count272
\U@D=\dimen171

("C:\Users\Felix Kalchschmid\AppData\Local\Programs\MiKTeX 2.9\tex/generic/babe
l\txtbabel.def")
\bbl@readstream=\read2
\bbl@dirlevel=\count273
)
>>>>>>> Stashed changes
Package babel Info: \l@canadian = using hyphenrules for english
(babel)             (\language0) on input line 102.
Package babel Info: \l@australian = using hyphenrules for ukenglish
(babel)             (\language73) on input line 105.
Package babel Info: \l@newzealand = using hyphenrules for ukenglish
(babel)             (\language73) on input line 108.
)
("C:\Users\simon\AppData\Local\Programs\MiKTeX 2.9\tex/latex/babel-german\ngerm
an.ldf"
Language: ngerman 2018/12/08 v2.11 German support for babel (post-1996 orthogra
phy)

("C:\Users\simon\AppData\Local\Programs\MiKTeX 2.9\tex/latex/babel-german\ngerm
anb.ldf"
Language: ngermanb 2018/12/08 v2.11 German support for babel (post-1996 orthogr
aphy)
Package babel Info: Making " an active character on input line 121.
)))
("C:\Users\simon\AppData\Local\Programs\MiKTeX 2.9\tex/latex/base\inputenc.sty"
Package: inputenc 2018/08/11 v1.3c Input encoding file
\inpenc@prehook=\toks16
\inpenc@posthook=\toks17
("C:\Users\simon\AppData\Local\Programs\MiKTeX 2.9\tex/latex/base\latin1.def"
File: latin1.def 2018/08/11 v1.3c Input encoding file
))
<<<<<<< Updated upstream
("C:\Users\simon\AppData\Local\Programs\MiKTeX 2.9\tex/latex/listings\listings.
sty"
\lst@mode=\count267
=======
("C:\Users\Felix Kalchschmid\AppData\Local\Programs\MiKTeX 2.9\tex/latex/listin
gs\listings.sty"
\lst@mode=\count274
>>>>>>> Stashed changes
\lst@gtempboxa=\box91
\lst@token=\toks18
\lst@length=\count275
\lst@currlwidth=\dimen172
\lst@column=\count276
\lst@pos=\count277
\lst@lostspace=\dimen173
\lst@width=\dimen174
\lst@newlines=\count278
\lst@lineno=\count279
\lst@maxwidth=\dimen175

("C:\Users\simon\AppData\Local\Programs\MiKTeX 2.9\tex/latex/listings\lstmisc.s
ty"
File: lstmisc.sty 2020/03/24 1.8d (Carsten Heinz)
\c@lstnumber=\count280
\lst@skipnumbers=\count281
\lst@framebox=\box92
)
("C:\Users\simon\AppData\Local\Programs\MiKTeX 2.9\tex/latex/listings\listings.
cfg"
File: listings.cfg 2020/03/24 1.8d listings configuration
))
Package: listings 2020/03/24 1.8d (Carsten Heinz)

("C:\Users\simon\AppData\Local\Programs\MiKTeX 2.9\tex/latex/base\textcomp.sty"
Package: textcomp 2020/02/02 v2.0n Standard LaTeX package
)
("C:\Users\simon\AppData\Local\Programs\MiKTeX 2.9\tex/latex/amsfonts\amssymb.s
ty"
Package: amssymb 2013/01/14 v3.01 AMS font symbols

("C:\Users\simon\AppData\Local\Programs\MiKTeX 2.9\tex/latex/amsfonts\amsfonts.
sty"
Package: amsfonts 2013/01/14 v3.01 Basic AMSFonts support
\@emptytoks=\toks19
\symAMSa=\mathgroup4
\symAMSb=\mathgroup5
LaTeX Font Info:    Redeclaring math symbol \hbar on input line 98.
LaTeX Font Info:    Overwriting math alphabet `\mathfrak' in version `bold'
(Font)                  U/euf/m/n --> U/euf/b/n on input line 106.
))
("C:\Users\simon\AppData\Local\Programs\MiKTeX 2.9\tex/latex/amsmath\amstext.st
y"
Package: amstext 2000/06/29 v2.01 AMS text

("C:\Users\simon\AppData\Local\Programs\MiKTeX 2.9\tex/latex/amsmath\amsgen.sty
"
File: amsgen.sty 1999/11/30 v2.0 generic functions
\@emptytoks=\toks20
\ex@=\dimen176
))
("C:\Users\simon\AppData\Local\Programs\MiKTeX 2.9\tex/latex/amsmath\amsmath.st
y"
Package: amsmath 2020/01/20 v2.17e AMS math features
\@mathmargin=\skip55

For additional information on amsmath, use the `?' option.
("C:\Users\simon\AppData\Local\Programs\MiKTeX 2.9\tex/latex/amsmath\amsbsy.sty
"
Package: amsbsy 1999/11/29 v1.2d Bold Symbols
\pmbraise@=\dimen177
)
("C:\Users\simon\AppData\Local\Programs\MiKTeX 2.9\tex/latex/amsmath\amsopn.sty
"
Package: amsopn 2016/03/08 v2.02 operator names
)
\inf@bad=\count282
LaTeX Info: Redefining \frac on input line 227.
\uproot@=\count283
\leftroot@=\count284
LaTeX Info: Redefining \overline on input line 389.
\classnum@=\count285
\DOTSCASE@=\count286
LaTeX Info: Redefining \ldots on input line 486.
LaTeX Info: Redefining \dots on input line 489.
LaTeX Info: Redefining \cdots on input line 610.
\Mathstrutbox@=\box93
\strutbox@=\box94
\big@size=\dimen178
LaTeX Font Info:    Redeclaring font encoding OML on input line 733.
LaTeX Font Info:    Redeclaring font encoding OMS on input line 734.
\macc@depth=\count287
\c@MaxMatrixCols=\count288
\dotsspace@=\muskip17
\c@parentequation=\count289
\dspbrk@lvl=\count290
\tag@help=\toks21
\row@=\count291
\column@=\count292
\maxfields@=\count293
\andhelp@=\toks22
\eqnshift@=\dimen179
\alignsep@=\dimen180
\tagshift@=\dimen181
\tagwidth@=\dimen182
\totwidth@=\dimen183
\lineht@=\dimen184
\@envbody=\toks23
\multlinegap=\skip56
\multlinetaggap=\skip57
\mathdisplay@stack=\toks24
LaTeX Info: Redefining \[ on input line 2859.
LaTeX Info: Redefining \] on input line 2860.
)
("C:\Users\simon\AppData\Local\Programs\MiKTeX 2.9\tex/latex/algorithm2e\algori
thm2e.sty"
Package: algorithm2e 2017/07/18 v5.2 algorithms environments
<<<<<<< Updated upstream
\c@AlgoLine=\count287

("C:\Users\simon\AppData\Local\Programs\MiKTeX 2.9\tex/latex/base\ifthen.sty"
Package: ifthen 2014/09/29 v1.1c Standard LaTeX ifthen package (DPC)
)
\algocf@hangindent=\skip55
=======
\c@AlgoLine=\count294
\algocf@hangindent=\skip58
>>>>>>> Stashed changes

("C:\Users\simon\AppData\Local\Programs\MiKTeX 2.9\tex/latex/ifoddpage\ifoddpag
e.sty"
Package: ifoddpage 2016/04/23 v1.1 Conditionals for odd/even page detection
\c@checkoddpage=\count295
)
("C:\Users\simon\AppData\Local\Programs\MiKTeX 2.9\tex/latex/tools\xspace.sty"
Package: xspace 2014/10/28 v1.13 Space after command names (DPC,MH)
)
("C:\Users\simon\AppData\Local\Programs\MiKTeX 2.9\tex/latex/relsize\relsize.st
y"
Package: relsize 2013/03/29 ver 4.1
)
\skiptotal=\skip59
\skiplinenumber=\skip60
\skiprule=\skip61
\skiphlne=\skip62
\skiptext=\skip63
\skiplength=\skip64
\algomargin=\skip65
\skipalgocfslide=\skip66
\algowidth=\dimen185
\inoutsize=\dimen186
\inoutindent=\dimen187
\interspacetitleruled=\dimen188
\interspacealgoruled=\dimen189
\interspacetitleboxruled=\dimen190
\algocf@ruledwidth=\skip67
\algocf@inoutbox=\box95
\algocf@inputbox=\box96
\AlCapSkip=\skip68
\AlCapHSkip=\skip69
\algoskipindent=\skip70
\algocf@nlbox=\box97
\algocf@hangingbox=\box98
\algocf@untilbox=\box99
\algocf@skipuntil=\skip71
\algocf@capbox=\box100
\algocf@lcaptionbox=\skip72
\algoheightruledefault=\skip73
\algoheightrule=\skip74
\algotitleheightruledefault=\skip75
\algotitleheightrule=\skip76
\c@algocfline=\count296
\c@algocfproc=\count297
\c@algocf=\count298
\algocf@algoframe=\box101
\algocf@algobox=\box102
)
("C:\Users\simon\AppData\Local\Programs\MiKTeX 2.9\tex/latex/geometry\geometry.
sty"
Package: geometry 2020/01/02 v5.9 Page Geometry

("C:\Users\simon\AppData\Local\Programs\MiKTeX 2.9\tex/generic/iftex\ifvtex.sty
"
Package: ifvtex 2019/10/25 v1.7 ifvtex legacy package. Use iftex instead.
)
\Gm@cnth=\count299
\Gm@cntv=\count300
\c@Gm@tempcnt=\count301
\Gm@bindingoffset=\dimen191
\Gm@wd@mp=\dimen192
\Gm@odd@mp=\dimen193
\Gm@even@mp=\dimen194
\Gm@layoutwidth=\dimen195
\Gm@layoutheight=\dimen196
\Gm@layouthoffset=\dimen197
\Gm@layoutvoffset=\dimen198
\Gm@dimlist=\toks25

("C:\Users\simon\AppData\Local\Programs\MiKTeX 2.9\tex/latex/geometry\geometry.
cfg"))
("C:\Users\simon\AppData\Local\Programs\MiKTeX 2.9\tex/latex/germbib\bibgerm.st
y"
Package: bibgerm 2000/08/18 v0.1 Support for mixed language bibliographies

** Macros for german `BibTeX'ing added to Style Option `german' 20 Apr 1993 **
** idea and languages `german' and `USenglish' implemented by M. Wallmeier **
** Modified for LaTeX 2e and german.sty 2.5b by A. Scherer 1 Nov 1995 **
** Modified for ngerman.sty and babel.sty by H. Harders 21 August 2000 **)
("C:\Users\simon\AppData\Local\Programs\MiKTeX 2.9\tex/latex/tools\array.sty"
Package: array 2019/08/31 v2.4l Tabular extension package (FMi)
\col@sep=\dimen199
\ar@mcellbox=\box103
\extrarowheight=\dimen256
\NC@list=\toks26
\extratabsurround=\skip77
\backup@length=\skip78
\ar@cellbox=\box104
)
\@indexfile=\write3
\openout3 = `vorlage.idx'.


Writing index file vorlage.idx
("C:\Users\simon\AppData\Local\Programs\MiKTeX 2.9\tex/latex/float\float.sty"
Package: float 2001/11/08 v1.3d Float enhancements (AL)
\c@float@type=\count302
\float@exts=\toks27
\float@box=\box105
\@float@everytoks=\toks28
\@floatcapt=\box106
)
<<<<<<< Updated upstream
("C:\Users\simon\AppData\Local\Programs\MiKTeX 2.9\tex/latex/l3backend\l3backen
d-pdfmode.def"
File: l3backend-pdfmode.def 2020-05-05 L3 backend support: PDF mode
\l__kernel_color_stack_int=\count296
=======
("C:\Users\Felix Kalchschmid\AppData\Local\Programs\MiKTeX 2.9\tex/latex/l3back
end\l3backend-pdfmode.def"
File: l3backend-pdfmode.def 2020-03-12 L3 backend support: PDF mode
\l__kernel_color_stack_int=\count303
>>>>>>> Stashed changes
\l__pdf_internal_box=\box107
) (vorlage.aux

LaTeX Warning: Label `lav02' multiply defined.

(chapters/Glossar.aux))
\openout1 = `vorlage.aux'.

LaTeX Font Info:    Checking defaults for OML/cmm/m/it on input line 77.
LaTeX Font Info:    ... okay on input line 77.
LaTeX Font Info:    Checking defaults for OMS/cmsy/m/n on input line 77.
LaTeX Font Info:    ... okay on input line 77.
LaTeX Font Info:    Checking defaults for OT1/cmr/m/n on input line 77.
LaTeX Font Info:    ... okay on input line 77.
LaTeX Font Info:    Checking defaults for T1/cmr/m/n on input line 77.
LaTeX Font Info:    ... okay on input line 77.
LaTeX Font Info:    Checking defaults for TS1/cmr/m/n on input line 77.
LaTeX Font Info:    ... okay on input line 77.
LaTeX Font Info:    Checking defaults for OMX/cmex/m/n on input line 77.
LaTeX Font Info:    ... okay on input line 77.
LaTeX Font Info:    Checking defaults for U/cmr/m/n on input line 77.
LaTeX Font Info:    ... okay on input line 77.
LaTeX Font Info:    Checking defaults for PD1/pdf/m/n on input line 77.
LaTeX Font Info:    ... okay on input line 77.

("C:\Users\simon\AppData\Local\Programs\MiKTeX 2.9\tex/context/base/mkii\supp-p
df.mkii"
[Loading MPS to PDF converter (version 2006.09.02).]
\scratchcounter=\count304
\scratchdimen=\dimen257
\scratchbox=\box108
\nofMPsegments=\count305
\nofMParguments=\count306
\everyMPshowfont=\toks29
\MPscratchCnt=\count307
\MPscratchDim=\dimen258
\MPnumerator=\count308
\makeMPintoPDFobject=\count309
\everyMPtoPDFconversion=\toks30
)
\AtBeginShipoutBox=\box109
Package hyperref Info: Link coloring OFF on input line 77.

("C:\Users\simon\AppData\Local\Programs\MiKTeX 2.9\tex/latex/hyperref\nameref.s
ty"
Package: nameref 2019/09/16 v2.46 Cross-referencing by name of section

("C:\Users\simon\AppData\Local\Programs\MiKTeX 2.9\tex/latex/refcount\refcount.
sty"
Package: refcount 2019/12/15 v3.6 Data extraction from label references (HO)
)
("C:\Users\simon\AppData\Local\Programs\MiKTeX 2.9\tex/generic/gettitlestring\g
ettitlestring.sty"
Package: gettitlestring 2019/12/15 v1.6 Cleanup title references (HO)
)
\c@section@level=\count310
)
LaTeX Info: Redefining \ref on input line 77.
LaTeX Info: Redefining \pageref on input line 77.
LaTeX Info: Redefining \nameref on input line 77.
 (vorlage.out) (vorlage.out)
\@outlinefile=\write4
\openout4 = `vorlage.out'.


Man spricht deutsch.
\c@lstlisting=\count311
*geometry* driver: auto-detecting
*geometry* detected driver: pdftex
*geometry* verbose mode - [ preamble ] result:
* driver: pdftex
* paper: a4paper
* layout: <same size as paper>
* layoutoffset:(h,v)=(0.0pt,0.0pt)
* modes: 
* h-part:(L,W,R)=(89.62709pt, 418.25368pt, 89.6271pt)
* v-part:(T,H,B)=(101.40665pt, 591.5302pt, 152.11pt)
* \paperwidth=597.50787pt
* \paperheight=845.04684pt
* \textwidth=418.25368pt
* \textheight=650.68681pt
* \oddsidemargin=17.3571pt
* \evensidemargin=17.3571pt
* \topmargin=5.13666pt
* \headheight=12.0pt
* \headsep=12.0pt
* \topskip=12.0pt
* \footskip=30.0pt
* \marginparwidth=90.0pt
* \marginparsep=10.0pt
* \columnsep=10.0pt
* \skip\footins=10.8pt plus 4.0pt minus 2.0pt
* \hoffset=0.0pt
* \voffset=0.0pt
* \mag=1000
* \@twocolumnfalse
* \@twosidefalse
* \@mparswitchfalse
* \@reversemarginfalse
* (1in=72.27pt=25.4mm, 1cm=28.453pt)


bibgerm.sty: babel.sty detected

Package epstopdf Info: Source file: <Logo_Hauptcampus_Informatik.eps>
(epstopdf)                    date: 2020-05-09 18:52:05
(epstopdf)                    size: 789514 bytes
(epstopdf)             Output file: <Logo_Hauptcampus_Informatik-eps-converted-
to.pdf>
(epstopdf)                    date: 2020-06-03 16:43:55
(epstopdf)                    size: 15230 bytes
(epstopdf)             Command: <epstopdf --outfile=Logo_Hauptcampus_Informatik
-eps-converted-to.pdf Logo_Hauptcampus_Informatik.eps>
(epstopdf)             \includegraphics on input line 94.
Package epstopdf Info: Output file is already uptodate.


pdfTeX warning: pdflatex.exe (file ./Logo_Hauptcampus_Informatik-eps-converted-
to.pdf): PDF inclusion: found PDF version <1.7>, but at most version <1.5> allo
wed
<Logo_Hauptcampus_Informatik-eps-converted-to.pdf, id=115, 812.03375pt x 157.58
875pt>
File: Logo_Hauptcampus_Informatik-eps-converted-to.pdf Graphic file (type pdf)
<use Logo_Hauptcampus_Informatik-eps-converted-to.pdf>
Package pdftex.def Info: Logo_Hauptcampus_Informatik-eps-converted-to.pdf  used
 on input line 94.
(pdftex.def)             Requested size: 292.77629pt x 56.81606pt.
[1

{C:/Users/simon/AppData/Local/MiKTeX/2.9/pdftex/config/pdftex.map} <./Logo_Haup
tcampus_Informatik-eps-converted-to.pdf>] (chapters/Kurzfassung.tex
LaTeX Font Info:    Trying to load font information for U+msa on input line 2.

("C:\Users\simon\AppData\Local\Programs\MiKTeX 2.9\tex/latex/amsfonts\umsa.fd"
File: umsa.fd 2013/01/14 v3.01 AMS symbols A
)
LaTeX Font Info:    Trying to load font information for U+msb on input line 2.
("C:\Users\simon\AppData\Local\Programs\MiKTeX 2.9\tex/latex/amsfonts\umsb.fd"
File: umsb.fd 2013/01/14 v3.01 AMS symbols B
)) [2




] (vorlage.toc [3


])
\tf@toc=\write5
\openout5 = `vorlage.toc'.

 [4] (chapters/EinleitungProblemstellung.tex
Kapitel 1.
) (chapters/Grundlagen.tex [1




]
Kapitel 2.

Underfull \hbox (badness 10000) in paragraph at lines 14--18

 []

[2


] [3]) (chapters/Graphen.tex [4]
Kapitel 3.
<<<<<<< refs/remotes/origin/master
<images/kk_graph_S6.png, id=212, 721.94719pt x 336.50719pt>
=======
<<<<<<< Updated upstream
<images/kk_graph_S6.png, id=205, 721.94719pt x 336.50719pt>
=======
<images/kk_graph_S6.png, id=172, 721.94719pt x 336.50719pt>
>>>>>>> Stashed changes
>>>>>>> Auto stash before merge of "master" and "origin/master"
File: images/kk_graph_S6.png Graphic file (type png)
<use images/kk_graph_S6.png>
Package pdftex.def Info: images/kk_graph_S6.png  used on input line 7.
(pdftex.def)             Requested size: 376.42575pt x 175.45712pt.
<<<<<<< refs/remotes/origin/master
<images/Tree_Graph.png, id=217, 2095.83pt x 1704.3675pt>
=======
<<<<<<< Updated upstream
<images/Tree_Graph.png, id=210, 2095.83pt x 1704.3675pt>
=======
<images/Tree_Graph.png, id=177, 2095.83pt x 1704.3675pt>
>>>>>>> Stashed changes
>>>>>>> Auto stash before merge of "master" and "origin/master"
File: images/Tree_Graph.png Graphic file (type png)
<use images/Tree_Graph.png>
Package pdftex.def Info: images/Tree_Graph.png  used on input line 18.
(pdftex.def)             Requested size: 250.95476pt x 204.07317pt.
[5


pdfTeX warning (ext4): destination with the same identifier (name{figure.3.1}) 
has been already used, duplicate ignored

\AtBegShi@Output ...ipout \box \AtBeginShipoutBox 
                                                  \fi \fi 
l.67 
      <./images/kk_graph_S6.png>]
<<<<<<< refs/remotes/origin/master
<images/navigation_mesh_16.png, id=227, 586.44093pt x 117.43875pt>
=======
<<<<<<< Updated upstream
<images/navigation_mesh_16.png, id=220, 586.44093pt x 117.43875pt>
=======
<images/navigation_mesh_16.png, id=187, 586.44093pt x 117.43875pt>
>>>>>>> Stashed changes
>>>>>>> Auto stash before merge of "master" and "origin/master"
File: images/navigation_mesh_16.png Graphic file (type png)
<use images/navigation_mesh_16.png>
Package pdftex.def Info: images/navigation_mesh_16.png  used on input line 70.
(pdftex.def)             Requested size: 418.25368pt x 83.75659pt.
<<<<<<< refs/remotes/origin/master
<images/mesh_with_path.png, id=230, 1104.125pt x 599.23875pt>
=======
<<<<<<< Updated upstream
<images/mesh_with_path.png, id=223, 1104.125pt x 599.23875pt>
=======
<images/mesh_with_path.png, id=190, 1104.125pt x 599.23875pt>
>>>>>>> Stashed changes
>>>>>>> Auto stash before merge of "master" and "origin/master"
File: images/mesh_with_path.png Graphic file (type png)
<use images/mesh_with_path.png>
Package pdftex.def Info: images/mesh_with_path.png  used on input line 76.
(pdftex.def)             Requested size: 376.42575pt x 204.29623pt.
 [6pdfTeX warning (ext4): destination with the same identifier (name{figure.3.2
}) has been already used, duplicate ignored

\AtBegShi@Output ...ipout \box \AtBeginShipoutBox 
                                                  \fi \fi 
l.80 
     pdfTeX warning (ext4): destination with the same identifier (name{figure.3
.3}) has been already used, duplicate ignored

\AtBegShi@Output ...ipout \box \AtBeginShipoutBox 
                                                  \fi \fi 
l.80 
      <./images/Tree_Graph.png> <./images/navigation_mesh_16.png>]
<<<<<<< refs/remotes/origin/master
<images/Grid_Tiles.png, id=244, 1647.15375pt x 536.0025pt>
=======
<<<<<<< Updated upstream
<images/Grid_Tiles.png, id=237, 1647.15375pt x 536.0025pt>
=======
<images/Grid_Tiles.png, id=204, 1647.15375pt x 536.0025pt>
>>>>>>> Stashed changes
>>>>>>> Auto stash before merge of "master" and "origin/master"
File: images/Grid_Tiles.png Graphic file (type png)
<use images/Grid_Tiles.png>
Package pdftex.def Info: images/Grid_Tiles.png  used on input line 93.
(pdftex.def)             Requested size: 418.25368pt x 136.10222pt.

Underfull \hbox (badness 10000) in paragraph at lines 88--97

 []

[7pdfTeX warning (ext4): destination with the same identifier (name{figure.3.4}
) has been already used, duplicate ignored

\AtBegShi@Output ...ipout \box \AtBeginShipoutBox 
                                                  \fi \fi 
l.99 \section
             {Sichtbarkeitsgraph (\textit{eng.} Visibility Graph)}pdfTeX warnin
g (ext4): destination with the same identifier (name{figure.3.5}) has been alre
ady used, duplicate ignored

\AtBegShi@Output ...ipout \box \AtBeginShipoutBox 
                                                  \fi \fi 
l.99 \section
             {Sichtbarkeitsgraph (\textit{eng.} Visibility Graph)} <./images/me
sh_with_path.png> <./images/Grid_Tiles.png>]
<<<<<<< refs/remotes/origin/master
<images/Robot_Motion_Visibility_Graph.png, id=256, 377.91188pt x 209.28188pt>
=======
<<<<<<< Updated upstream
<images/Robot_Motion_Visibility_Graph.png, id=249, 377.91188pt x 209.28188pt>
=======
<images/Robot_Motion_Visibility_Graph.png, id=216, 377.91188pt x 209.28188pt>
>>>>>>> Stashed changes
>>>>>>> Auto stash before merge of "master" and "origin/master"
File: images/Robot_Motion_Visibility_Graph.png Graphic file (type png)
<use images/Robot_Motion_Visibility_Graph.png>
Package pdftex.def Info: images/Robot_Motion_Visibility_Graph.png  used on inpu
t line 120.
(pdftex.def)             Requested size: 418.25368pt x 231.62222pt.

Underfull \hbox (badness 10000) in paragraph at lines 115--124

 []

) (chapters/Algorithmen.tex [8pdfTeX warning (ext4): destination with the same 
identifier (name{figure.3.6}) has been already used, duplicate ignored

\AtBegShi@Output ...ipout \box \AtBeginShipoutBox 
                                                  \fi \fi 
l.1 \chapter
            {Algorithmen zur Pfadplanung} <./images/Robot_Motion_Visibility_Gra
ph.png>]
Kapitel 4.
<<<<<<< refs/remotes/origin/master
<images/img224.png, id=269, 392.21532pt x 125.71968pt>
=======
<<<<<<< Updated upstream
<images/img224.png, id=262, 392.21532pt x 125.71968pt>
=======
<images/img224.png, id=229, 392.21532pt x 125.71968pt>
>>>>>>> Stashed changes
>>>>>>> Auto stash before merge of "master" and "origin/master"
File: images/img224.png Graphic file (type png)
<use images/img224.png>
Package pdftex.def Info: images/img224.png  used on input line 14.
(pdftex.def)             Requested size: 250.95476pt x 80.44112pt.

Underfull \hbox (badness 10000) in paragraph at lines 22--35

 []


Underfull \hbox (badness 10000) in paragraph at lines 22--35

 []

[9


pdfTeX warning (ext4): destination with the same identifier (name{figure.4.1}) 
has been already used, duplicate ignored

\AtBegShi@Output ...ipout \box \AtBeginShipoutBox 
                                                  \fi \fi 
l.35 
      <./images/img224.png>]
<<<<<<< refs/remotes/origin/master
<images/img247.png, id=293, 417.81094pt x 103.88812pt>
=======
<<<<<<< Updated upstream
<images/img247.png, id=287, 417.81094pt x 103.88812pt>
=======
<images/img247.png, id=252, 417.81094pt x 103.88812pt>
>>>>>>> Stashed changes
>>>>>>> Auto stash before merge of "master" and "origin/master"
File: images/img247.png Graphic file (type png)
<use images/img247.png>
Package pdftex.def Info: images/img247.png  used on input line 38.
(pdftex.def)             Requested size: 250.95476pt x 62.39992pt.


LaTeX Warning: Reference `Kapitel5' on page 10 undefined on input line 46.


LaTeX Warning: Reference `La03' on page 10 undefined on input line 58.

[10pdfTeX warning (ext4): destination with the same identifier (name{figure.4.2
}) has been already used, duplicate ignored

\AtBegShi@Output ...ipout \box \AtBeginShipoutBox 
                                                  \fi \fi 
l.80 
      <./images/img247.png>]
Underfull \hbox (badness 10000) in paragraph at lines 82--98

 []


Underfull \hbox (badness 10000) in paragraph at lines 82--98

 []

[11pdfTeX warning (ext4): destination with the same identifier (name{figure.4.3
}) has been already used, duplicate ignored

\AtBegShi@Output ...ipout \box \AtBeginShipoutBox 
                                                  \fi \fi 
l.98 \subsubsection
                   {Breath-first search} Breadth first search verwendet die ...
]
Underfull \hbox (badness 10000) in paragraph at lines 98--101

 []


Underfull \hbox (badness 10000) in paragraph at lines 98--101

 []

[12]
! You can't use `\prevdepth' in horizontal mode.
\nointerlineskip ->\prevdepth 
                              -\@m \p@ 
l.122 		\Comment{forever}
                         
Sorry, but I'm not programmed to handle this case;
I'll just pretend that you didn't ask for it.
If you're in the wrong mode, you might be able to
return to the right one by typing `I}' or `I$' or `I\par'.

! Missing $ inserted.
<inserted text> 
                $
l.122 		\Comment{forever}
                         
I've inserted a begin-math/end-math symbol since I think
you left one out. Proceed, with fingers crossed.

! Missing number, treated as zero.
<to be read again> 
                   \let 
l.122 		\Comment{forever}
                         
A number should have been here; I inserted `0'.
(If you can't figure out why I needed to see a number,
look up `weird error' in the index to The TeXbook.)

! Illegal unit of measure (pt inserted).
<to be read again> 
                   \let 
l.122 		\Comment{forever}
                         
Dimensions can be in units of em, ex, in, pt, pc,
cm, mm, dd, cc, nd, nc, bp, or sp; but yours is a new one!
I'll assume that you meant to say pt, for printer's points.
To recover gracefully from this error, it's best to
delete the erroneous units; e.g., type `2' to delete
two letters. (See Chapter 27 of The TeXbook.)

! You can't use `\moveright' in math mode.
\algocf@push ...dvance \skiptotal by #1\moveright 
                                                  #1
l.122 		\Comment{forever}
                         
Sorry, but I'm not programmed to handle this case;
I'll just pretend that you didn't ask for it.
If you're in the wrong mode, you might be able to
return to the right one by typing `I}' or `I$' or `I\par'.

! Missing number, treated as zero.
<to be read again> 
                   \hbox 
l.122 		\Comment{forever}
                         
A number should have been here; I inserted `0'.
(If you can't figure out why I needed to see a number,
look up `weird error' in the index to The TeXbook.)

! Illegal unit of measure (pt inserted).
<to be read again> 
                   \hbox 
l.122 		\Comment{forever}
                         
Dimensions can be in units of em, ex, in, pt, pc,
cm, mm, dd, cc, nd, nc, bp, or sp; but yours is a new one!
I'll assume that you meant to say pt, for printer's points.
To recover gracefully from this error, it's best to
delete the erroneous units; e.g., type `2' to delete
two letters. (See Chapter 27 of The TeXbook.)

! Improper `at' size (0.0pt), replaced by 10pt.
<to be read again> 
                   relax 
l.122 		\Comment{forever}
                         
I can only handle fonts at positive sizes that are
less than 2048pt, so I've changed what you said to 10pt.

! Improper `at' size (0.0pt), replaced by 10pt.
<to be read again> 
                   relax 
l.122 		\Comment{forever}
                         
I can only handle fonts at positive sizes that are
less than 2048pt, so I've changed what you said to 10pt.

! Improper `at' size (0.0pt), replaced by 10pt.
<to be read again> 
                   relax 
l.122 		\Comment{forever}
                         
I can only handle fonts at positive sizes that are
less than 2048pt, so I've changed what you said to 10pt.

! Improper `at' size (0.0pt), replaced by 10pt.
<to be read again> 
                   relax 
l.122 		\Comment{forever}
                         
I can only handle fonts at positive sizes that are
less than 2048pt, so I've changed what you said to 10pt.


! LaTeX Error: Command \item invalid in math mode.

See the LaTeX manual or LaTeX Companion for explanation.
Type  H <return>  for immediate help.
 ...                                              
                                                  
l.123 		\State
               this\Until{you die.}
Try typing  <return>  to proceed.
If that doesn't work, type  X <return>  to quit.


! LaTeX Error: Something's wrong--perhaps a missing \item.

See the LaTeX manual or LaTeX Companion for explanation.
Type  H <return>  for immediate help.
 ...                                              
                                                  
l.123 		\State
               this\Until{you die.}
Try typing  <return>  to proceed.
If that doesn't work, type  X <return>  to quit.


! LaTeX Error: Something's wrong--perhaps a missing \item.

See the LaTeX manual or LaTeX Companion for explanation.
Type  H <return>  for immediate help.
 ...                                              
                                                  
l.123 		\State
               this\Until{you die.}
Try typing  <return>  to proceed.
If that doesn't work, type  X <return>  to quit.


! LaTeX Error: Something's wrong--perhaps a missing \item.

See the LaTeX manual or LaTeX Companion for explanation.
Type  H <return>  for immediate help.
 ...                                              
                                                  
l.123 		\State
               this\Until{you die.}
Try typing  <return>  to proceed.
If that doesn't work, type  X <return>  to quit.


! LaTeX Error: Command \item invalid in math mode.

See the LaTeX manual or LaTeX Companion for explanation.
Type  H <return>  for immediate help.
 ...                                              
                                                  
l.123 		\State this\Until
                         {you die.}
Try typing  <return>  to proceed.
If that doesn't work, type  X <return>  to quit.


! LaTeX Error: Something's wrong--perhaps a missing \item.

See the LaTeX manual or LaTeX Companion for explanation.
Type  H <return>  for immediate help.
 ...                                              
                                                  
l.123 		\State this\Until
                         {you die.}
Try typing  <return>  to proceed.
If that doesn't work, type  X <return>  to quit.


! LaTeX Error: Something's wrong--perhaps a missing \item.

See the LaTeX manual or LaTeX Companion for explanation.
Type  H <return>  for immediate help.
 ...                                              
                                                  
l.123 		\State this\Until
                         {you die.}
Try typing  <return>  to proceed.
If that doesn't work, type  X <return>  to quit.


! LaTeX Error: Something's wrong--perhaps a missing \item.

See the LaTeX manual or LaTeX Companion for explanation.
Type  H <return>  for immediate help.
 ...                                              
                                                  
l.123 		\State this\Until
                         {you die.}
Try typing  <return>  to proceed.
If that doesn't work, type  X <return>  to quit.

! Missing number, treated as zero.
<to be read again> 
                   \ALG@b@2@Until@0 
l.123 		\State this\Until
                         {you die.}
A number should have been here; I inserted `0'.
(If you can't figure out why I needed to see a number,
look up `weird error' in the index to The TeXbook.)


! LaTeX Error: Something's wrong--perhaps a missing \item.

See the LaTeX manual or LaTeX Companion for explanation.
Type  H <return>  for immediate help.
 ...                                              
                                                  
l.124 	\end{algorithmic}
                        
Try typing  <return>  to proceed.
If that doesn't work, type  X <return>  to quit.


! LaTeX Error: Command \end{list} invalid in math mode.

See the LaTeX manual or LaTeX Companion for explanation.
Type  H <return>  for immediate help.
 ...                                              
                                                  
l.124 	\end{algorithmic}
                        
Try typing  <return>  to proceed.
If that doesn't work, type  X <return>  to quit.


! LaTeX Error: Something's wrong--perhaps a missing \item.

See the LaTeX manual or LaTeX Companion for explanation.
Type  H <return>  for immediate help.
 ...                                              
                                                  
l.124 	\end{algorithmic}
                        
Try typing  <return>  to proceed.
If that doesn't work, type  X <return>  to quit.


! LaTeX Error: Something's wrong--perhaps a missing \item.

See the LaTeX manual or LaTeX Companion for explanation.
Type  H <return>  for immediate help.
 ...                                              
                                                  
l.124 	\end{algorithmic}
                        
Try typing  <return>  to proceed.
If that doesn't work, type  X <return>  to quit.

! Missing $ inserted.
<inserted text> 
                $
l.124 	\end{algorithmic}
                        
I've inserted something that you may have forgotten.
(See the <inserted text> above.)
With luck, this will get me unwedged. But if you
really didn't forget anything, try typing `2' now; then
my insertion and my current dilemma will both disappear.

Missing character: There is no è in font cmex10!
)
Overfull \hbox (185.75598pt too wide) in paragraph at lines 122--110
[]\OT1/cmr/bx/n/12 repeat|\OT1/cmr/m/n/12 -$[][] []; []\OML/cmm/m/it/12 this[][
]$
 []


Underfull \hbox (badness 10000) in paragraph at lines 122--110

 []

<<<<<<< Updated upstream
[12]) (chapters/Anwendungen.tex [13]
=======
(chapters/ZusammenfassungAusblick.tex [13]
>>>>>>> Stashed changes
Kapitel 5.
<images/img229.png, id=347, 170.88844pt x 159.59625pt>
File: images/img229.png Graphic file (type png)
<use images/img229.png>
Package pdftex.def Info: images/img229.png  used on input line 10.
(pdftex.def)             Requested size: 167.2989pt x 156.25468pt.

Underfull \hbox (badness 10000) in paragraph at lines 15--17

 []

[14


]
<images/img231.png, id=355, 502.87875pt x 214.55156pt>
File: images/img231.png Graphic file (type png)
<use images/img231.png>
Package pdftex.def Info: images/img231.png  used on input line 24.
(pdftex.def)             Requested size: 292.77629pt x 124.9114pt.
 [15pdfTeX warning (ext4): destination with the same identifier (name{figure.5.
1}) has been already used, duplicate ignored

\AtBegShi@Output ...ipout \box \AtBeginShipoutBox 
                                                  \fi \fi 
l.31 \subsection
                {Anwendungen zur Planung mit Unsicherheit}pdfTeX warning (ext4)
: destination with the same identifier (name{figure.5.2}) has been already used
, duplicate ignored

\AtBegShi@Output ...ipout \box \AtBeginShipoutBox 
                                                  \fi \fi 
l.31 \subsection
                {Anwendungen zur Planung mit Unsicherheit} <./images/img229.png
> <./images/img231.png>]
<images/img239.png, id=367, 186.6975pt x 144.54pt>
File: images/img239.png Graphic file (type png)
<use images/img239.png>
Package pdftex.def Info: images/img239.png  used on input line 43.
(pdftex.def)             Requested size: 209.12683pt x 161.91234pt.
) (chapters/ZusammenfassungAusblick.tex [16] [17pdfTeX warning (ext4): destinat
ion with the same identifier (name{figure.5.3}) has been already used, duplicat
e ignored

\AtBegShi@Output ...ipout \box \AtBeginShipoutBox 
                                                  \fi \fi 
l.1 \chapter
            {Zusammenfassung und Ausblick} <./images/img239.png>]
Kapitel 6.
) [18


] (vorlage.bbl)
No file vorlage.ind.
[19




]
\openout2 = `chapters/Glossar.aux'.

 (chapters/Glossar.tex)
Underfull \hbox (badness 10000) in paragraph at lines 3--122

 []

[20



]
Package atveryend Info: Empty hook `BeforeClearDocument' on input line 125.
Package atveryend Info: Empty hook `AfterLastShipout' on input line 125.
 (vorlage.aux (chapters/Glossar.aux))
Package atveryend Info: Executing hook `AtVeryEndDocument' on input line 125.
Package atveryend Info: Executing hook `AtEndAfterFileList' on input line 125.
Package rerunfilecheck Info: File `vorlage.out' has not changed.
(rerunfilecheck)             Checksum: 111D3260D89799B9F5CF0A9569761A48;2056.


LaTeX Warning: There were undefined references.


LaTeX Warning: There were multiply-defined labels.

Package atveryend Info: Empty hook `AtVeryVeryEnd' on input line 125.
 ) 
Here is how much of TeX's memory you used:
<<<<<<< refs/remotes/origin/master
 11178 strings out of 480795
 170345 string characters out of 2895571
 481837 words of memory out of 3000000
 26810 multiletter control sequences out of 15000+200000
=======
<<<<<<< Updated upstream
 11175 strings out of 480795
 172317 string characters out of 2895571
 481841 words of memory out of 3000000
 26808 multiletter control sequences out of 15000+200000
>>>>>>> Auto stash before merge of "master" and "origin/master"
 542717 words of font info for 62 fonts, out of 3000000 for 9000
 1146 hyphenation exceptions out of 8191
 34i,8n,36p,924b,627s stack positions out of 5000i,500n,10000p,200000b,50000s
 <C:\Users\simon\AppData\Local\MiKTeX\2.9\fonts/pk/ljfour/jknappen/ec/dpi600\
tcrm0900.pk> <C:\Users\simon\AppData\Local\MiKTeX\2.9\fonts/pk/ljfour/jknappen/
ec/dpi600\tcrm1200.pk><C:/Users/simon/AppData/Local/Programs/MiKTeX 2.9/fonts/t
ype1/public/amsfonts/cm/cmbx12.pfb><C:/Users/simon/AppData/Local/Programs/MiKTe
X 2.9/fonts/type1/public/amsfonts/cm/cmbxti10.pfb><C:/Users/simon/AppData/Local
/Programs/MiKTeX 2.9/fonts/type1/public/amsfonts/cm/cmcsc10.pfb><C:/Users/simon
/AppData/Local/Programs/MiKTeX 2.9/fonts/type1/public/amsfonts/cm/cmmi12.pfb><C
:/Users/simon/AppData/Local/Programs/MiKTeX 2.9/fonts/type1/public/amsfonts/cm/
cmmi8.pfb><C:/Users/simon/AppData/Local/Programs/MiKTeX 2.9/fonts/type1/public/
amsfonts/cm/cmr12.pfb><C:/Users/simon/AppData/Local/Programs/MiKTeX 2.9/fonts/t
ype1/public/amsfonts/cm/cmr17.pfb><C:/Users/simon/AppData/Local/Programs/MiKTeX
 2.9/fonts/type1/public/amsfonts/cm/cmr6.pfb><C:/Users/simon/AppData/Local/Prog
rams/MiKTeX 2.9/fonts/type1/public/amsfonts/cm/cmr8.pfb><C:/Users/simon/AppData
/Local/Programs/MiKTeX 2.9/fonts/type1/public/amsfonts/cm/cmr9.pfb><C:/Users/si
mon/AppData/Local/Programs/MiKTeX 2.9/fonts/type1/public/amsfonts/cm/cmsy10.pfb
><C:/Users/simon/AppData/Local/Programs/MiKTeX 2.9/fonts/type1/public/amsfonts/
cm/cmsy8.pfb><C:/Users/simon/AppData/Local/Programs/MiKTeX 2.9/fonts/type1/publ
ic/amsfonts/cm/cmti12.pfb><C:/Users/simon/AppData/Local/Programs/MiKTeX 2.9/fon
ts/type1/public/amsfonts/cm/cmti9.pfb><C:/Users/simon/AppData/Local/Programs/Mi
KTeX 2.9/fonts/type1/public/amsfonts/symbols/msbm10.pfb>
Output written on vorlage.pdf (24 pages, 734704 bytes).
PDF statistics:
<<<<<<< refs/remotes/origin/master
 473 PDF objects out of 1000 (max. 8388607)
 104 named destinations out of 1000 (max. 500000)
 285 words of extra memory for PDF output out of 10000 (max. 10000000)
=======
 465 PDF objects out of 1000 (max. 8388607)
 102 named destinations out of 1000 (max. 500000)
 277 words of extra memory for PDF output out of 10000 (max. 10000000)
=======
 11512 strings out of 480930
 177988 string characters out of 2894132
 485694 words of memory out of 3000000
 27019 multiletter control sequences out of 15000+200000
 543350 words of font info for 64 fonts, out of 3000000 for 9000
 1146 hyphenation exceptions out of 8191
 34i,8n,36p,924b,528s stack positions out of 5000i,500n,10000p,200000b,50000s
 <C:\Users\Felix Kalchschmid\AppData\Local\MiKTeX\2.9\fonts/pk/ljfour/jknappe
n/ec/dpi600\tcrm1200.pk><C:/Users/Felix Kalchschmid/AppData/Local/Programs/MiKT
eX 2.9/fonts/type1/public/amsfonts/cm/cmbx12.pfb><C:/Users/Felix Kalchschmid/Ap
pData/Local/Programs/MiKTeX 2.9/fonts/type1/public/amsfonts/cm/cmbxti10.pfb><C:
/Users/Felix Kalchschmid/AppData/Local/Programs/MiKTeX 2.9/fonts/type1/public/a
msfonts/cm/cmcsc10.pfb><C:/Users/Felix Kalchschmid/AppData/Local/Programs/MiKTe
X 2.9/fonts/type1/public/amsfonts/cm/cmmi12.pfb><C:/Users/Felix Kalchschmid/App
Data/Local/Programs/MiKTeX 2.9/fonts/type1/public/amsfonts/cm/cmmi8.pfb><C:/Use
rs/Felix Kalchschmid/AppData/Local/Programs/MiKTeX 2.9/fonts/type1/public/amsfo
nts/cm/cmr12.pfb><C:/Users/Felix Kalchschmid/AppData/Local/Programs/MiKTeX 2.9/
fonts/type1/public/amsfonts/cm/cmr17.pfb><C:/Users/Felix Kalchschmid/AppData/Lo
cal/Programs/MiKTeX 2.9/fonts/type1/public/amsfonts/cm/cmr6.pfb><C:/Users/Felix
 Kalchschmid/AppData/Local/Programs/MiKTeX 2.9/fonts/type1/public/amsfonts/cm/c
mr8.pfb><C:/Users/Felix Kalchschmid/AppData/Local/Programs/MiKTeX 2.9/fonts/typ
e1/public/amsfonts/cm/cmr9.pfb><C:/Users/Felix Kalchschmid/AppData/Local/Progra
ms/MiKTeX 2.9/fonts/type1/public/amsfonts/cm/cmsy10.pfb><C:/Users/Felix Kalchsc
hmid/AppData/Local/Programs/MiKTeX 2.9/fonts/type1/public/amsfonts/cm/cmsy8.pfb
><C:/Users/Felix Kalchschmid/AppData/Local/Programs/MiKTeX 2.9/fonts/type1/publ
ic/amsfonts/cm/cmti12.pfb><C:/Users/Felix Kalchschmid/AppData/Local/Programs/Mi
KTeX 2.9/fonts/type1/public/amsfonts/cm/cmti9.pfb><C:/Users/Felix Kalchschmid/A
ppData/Local/Programs/MiKTeX 2.9/fonts/type1/public/amsfonts/symbols/msbm10.pfb
>
Output written on vorlage.pdf (19 pages, 638743 bytes).
PDF statistics:
 392 PDF objects out of 1000 (max. 8388607)
 89 named destinations out of 1000 (max. 500000)
 214 words of extra memory for PDF output out of 10000 (max. 10000000)
>>>>>>> Stashed changes
>>>>>>> Auto stash before merge of "master" and "origin/master"

