This is pdfTeX, Version 3.14159265-2.6-1.40.21 (MiKTeX 2.9.7440 64-bit) (preloaded format=pdflatex 2020.5.27)  2 JUL 2020 14:16
entering extended mode
**./tutorial.tex
(tutorial.tex
LaTeX2e <2020-02-02> patch level 5
L3 programming layer <2020-05-15>
("C:\Users\simon\AppData\Local\Programs\MiKTeX 2.9\tex/latex/beamer\beamer.cls"
Document Class: beamer 2020/05/06 v3.58 A class for typesetting presentations

("C:\Users\simon\AppData\Local\Programs\MiKTeX 2.9\tex/latex/beamer\beamerbasem
odes.sty"
("C:\Users\simon\AppData\Local\Programs\MiKTeX 2.9\tex/latex/etoolbox\etoolbox.
sty"
Package: etoolbox 2019/09/21 v2.5h e-TeX tools for LaTeX (JAW)
\etb@tempcnta=\count167
)
\beamer@tempbox=\box45
\beamer@tempcount=\count168
\c@beamerpauses=\count169

("C:\Users\simon\AppData\Local\Programs\MiKTeX 2.9\tex/latex/beamer\beamerbased
ecode.sty"
\beamer@slideinframe=\count170
\beamer@minimum=\count171
\beamer@decode@box=\box46
)
\beamer@commentbox=\box47
\beamer@modecount=\count172
)
("C:\Users\simon\AppData\Local\Programs\MiKTeX 2.9\tex/generic/iftex\ifpdf.sty"
Package: ifpdf 2019/10/25 v3.4 ifpdf legacy package. Use iftex instead.
("C:\Users\simon\AppData\Local\Programs\MiKTeX 2.9\tex/generic/iftex\iftex.sty"
Package: iftex 2020/03/06 v1.0d TeX engine tests
))
\headdp=\dimen134
\footheight=\dimen135
\sidebarheight=\dimen136
\beamer@tempdim=\dimen137
\beamer@finalheight=\dimen138
\beamer@animht=\dimen139
\beamer@animdp=\dimen140
\beamer@animwd=\dimen141
\beamer@leftmargin=\dimen142
\beamer@rightmargin=\dimen143
\beamer@leftsidebar=\dimen144
\beamer@rightsidebar=\dimen145
\beamer@boxsize=\dimen146
\beamer@vboxoffset=\dimen147
\beamer@descdefault=\dimen148
\beamer@descriptionwidth=\dimen149
\beamer@lastskip=\skip47
\beamer@areabox=\box48
\beamer@animcurrent=\box49
\beamer@animshowbox=\box50
\beamer@sectionbox=\box51
\beamer@logobox=\box52
\beamer@linebox=\box53
\beamer@sectioncount=\count173
\beamer@subsubsectionmax=\count174
\beamer@subsectionmax=\count175
\beamer@sectionmax=\count176
\beamer@totalheads=\count177
\beamer@headcounter=\count178
\beamer@partstartpage=\count179
\beamer@sectionstartpage=\count180
\beamer@subsectionstartpage=\count181
\beamer@animationtempa=\count182
\beamer@animationtempb=\count183
\beamer@xpos=\count184
\beamer@ypos=\count185
\beamer@ypos@offset=\count186
\beamer@showpartnumber=\count187
\beamer@currentsubsection=\count188
\beamer@coveringdepth=\count189
\beamer@sectionadjust=\count190
\beamer@tocsectionnumber=\count191

("C:\Users\simon\AppData\Local\Programs\MiKTeX 2.9\tex/latex/beamer\beamerbaseo
ptions.sty"
("C:\Users\simon\AppData\Local\Programs\MiKTeX 2.9\tex/latex/graphics\keyval.st
y"
Package: keyval 2014/10/28 v1.15 key=value parser (DPC)
\KV@toks@=\toks15
))
\beamer@paperwidth=\skip48
\beamer@paperheight=\skip49

("C:\Users\simon\AppData\Local\Programs\MiKTeX 2.9\tex/latex/geometry\geometry.
sty"
Package: geometry 2020/01/02 v5.9 Page Geometry

("C:\Users\simon\AppData\Local\Programs\MiKTeX 2.9\tex/generic/iftex\ifvtex.sty
"
Package: ifvtex 2019/10/25 v1.7 ifvtex legacy package. Use iftex instead.
)
\Gm@cnth=\count192
\Gm@cntv=\count193
\c@Gm@tempcnt=\count194
\Gm@bindingoffset=\dimen150
\Gm@wd@mp=\dimen151
\Gm@odd@mp=\dimen152
\Gm@even@mp=\dimen153
\Gm@layoutwidth=\dimen154
\Gm@layoutheight=\dimen155
\Gm@layouthoffset=\dimen156
\Gm@layoutvoffset=\dimen157
\Gm@dimlist=\toks16

("C:\Users\simon\AppData\Local\Programs\MiKTeX 2.9\tex/latex/geometry\geometry.
cfg"))
("C:\Users\simon\AppData\Local\Programs\MiKTeX 2.9\tex/latex/base\size11.clo"
File: size11.clo 2019/12/20 v1.4l Standard LaTeX file (size option)
)
("C:\Users\simon\AppData\Local\Programs\MiKTeX 2.9\tex/latex/pgf/basiclayer\pgf
core.sty"
("C:\Users\simon\AppData\Local\Programs\MiKTeX 2.9\tex/latex/graphics\graphicx.
sty"
Package: graphicx 2019/11/30 v1.2a Enhanced LaTeX Graphics (DPC,SPQR)

("C:\Users\simon\AppData\Local\Programs\MiKTeX 2.9\tex/latex/graphics\graphics.
sty"
Package: graphics 2019/11/30 v1.4a Standard LaTeX Graphics (DPC,SPQR)

("C:\Users\simon\AppData\Local\Programs\MiKTeX 2.9\tex/latex/graphics\trig.sty"
Package: trig 2016/01/03 v1.10 sin cos tan (DPC)
)
("C:\Users\simon\AppData\Local\Programs\MiKTeX 2.9\tex/latex/graphics-cfg\graph
ics.cfg"
File: graphics.cfg 2016/06/04 v1.11 sample graphics configuration
)
Package graphics Info: Driver file: pdftex.def on input line 105.

("C:\Users\simon\AppData\Local\Programs\MiKTeX 2.9\tex/latex/graphics-def\pdfte
x.def"
File: pdftex.def 2018/01/08 v1.0l Graphics/color driver for pdftex
))
\Gin@req@height=\dimen158
\Gin@req@width=\dimen159
)
("C:\Users\simon\AppData\Local\Programs\MiKTeX 2.9\tex/latex/pgf/systemlayer\pg
fsys.sty"
("C:\Users\simon\AppData\Local\Programs\MiKTeX 2.9\tex/latex/pgf/utilities\pgfr
cs.sty"
("C:\Users\simon\AppData\Local\Programs\MiKTeX 2.9\tex/generic/pgf/utilities\pg
futil-common.tex"
\pgfutil@everybye=\toks17
\pgfutil@tempdima=\dimen160
\pgfutil@tempdimb=\dimen161

("C:\Users\simon\AppData\Local\Programs\MiKTeX 2.9\tex/generic/pgf/utilities\pg
futil-common-lists.tex"))
("C:\Users\simon\AppData\Local\Programs\MiKTeX 2.9\tex/generic/pgf/utilities\pg
futil-latex.def"
\pgfutil@abb=\box54

("C:\Users\simon\AppData\Local\Programs\MiKTeX 2.9\tex/latex/ms\everyshi.sty"
Package: everyshi 2001/05/15 v3.00 EveryShipout Package (MS)
))
("C:\Users\simon\AppData\Local\Programs\MiKTeX 2.9\tex/generic/pgf/utilities\pg
frcs.code.tex"
("C:\Users\simon\AppData\Local\Programs\MiKTeX 2.9\tex/generic/pgf\pgf.revision
.tex")
Package: pgfrcs 2020/01/08 v3.1.5b (3.1.5b)
))
("C:\Users\simon\AppData\Local\Programs\MiKTeX 2.9\tex/generic/pgf/systemlayer\
pgfsys.code.tex"
Package: pgfsys 2020/01/08 v3.1.5b (3.1.5b)

("C:\Users\simon\AppData\Local\Programs\MiKTeX 2.9\tex/generic/pgf/utilities\pg
fkeys.code.tex"
\pgfkeys@pathtoks=\toks18
\pgfkeys@temptoks=\toks19

("C:\Users\simon\AppData\Local\Programs\MiKTeX 2.9\tex/generic/pgf/utilities\pg
fkeysfiltered.code.tex"
\pgfkeys@tmptoks=\toks20
))
\pgf@x=\dimen162
\pgf@y=\dimen163
\pgf@xa=\dimen164
\pgf@ya=\dimen165
\pgf@xb=\dimen166
\pgf@yb=\dimen167
\pgf@xc=\dimen168
\pgf@yc=\dimen169
\pgf@xd=\dimen170
\pgf@yd=\dimen171
\w@pgf@writea=\write3
\r@pgf@reada=\read2
\c@pgf@counta=\count195
\c@pgf@countb=\count196
\c@pgf@countc=\count197
\c@pgf@countd=\count198
\t@pgf@toka=\toks21
\t@pgf@tokb=\toks22
\t@pgf@tokc=\toks23
\pgf@sys@id@count=\count199

("C:\Users\simon\AppData\Local\Programs\MiKTeX 2.9\tex/generic/pgf/systemlayer\
pgf.cfg"
File: pgf.cfg 2020/01/08 v3.1.5b (3.1.5b)
)
Driver file for pgf: pgfsys-pdftex.def

("C:\Users\simon\AppData\Local\Programs\MiKTeX 2.9\tex/generic/pgf/systemlayer\
pgfsys-pdftex.def"
File: pgfsys-pdftex.def 2020/01/08 v3.1.5b (3.1.5b)

("C:\Users\simon\AppData\Local\Programs\MiKTeX 2.9\tex/generic/pgf/systemlayer\
pgfsys-common-pdf.def"
File: pgfsys-common-pdf.def 2020/01/08 v3.1.5b (3.1.5b)
)))
("C:\Users\simon\AppData\Local\Programs\MiKTeX 2.9\tex/generic/pgf/systemlayer\
pgfsyssoftpath.code.tex"
File: pgfsyssoftpath.code.tex 2020/01/08 v3.1.5b (3.1.5b)
\pgfsyssoftpath@smallbuffer@items=\count266
\pgfsyssoftpath@bigbuffer@items=\count267
)
("C:\Users\simon\AppData\Local\Programs\MiKTeX 2.9\tex/generic/pgf/systemlayer\
pgfsysprotocol.code.tex"
File: pgfsysprotocol.code.tex 2020/01/08 v3.1.5b (3.1.5b)
))
("C:\Users\simon\AppData\Local\Programs\MiKTeX 2.9\tex/latex/xcolor\xcolor.sty"
Package: xcolor 2016/05/11 v2.12 LaTeX color extensions (UK)

("C:\Users\simon\AppData\Local\Programs\MiKTeX 2.9\tex/latex/graphics-cfg\color
.cfg"
File: color.cfg 2016/01/02 v1.6 sample color configuration
)
Package xcolor Info: Driver file: pdftex.def on input line 225.
Package xcolor Info: Model `cmy' substituted by `cmy0' on input line 1348.
Package xcolor Info: Model `hsb' substituted by `rgb' on input line 1352.
Package xcolor Info: Model `RGB' extended on input line 1364.
Package xcolor Info: Model `HTML' substituted by `rgb' on input line 1366.
Package xcolor Info: Model `Hsb' substituted by `hsb' on input line 1367.
Package xcolor Info: Model `tHsb' substituted by `hsb' on input line 1368.
Package xcolor Info: Model `HSB' substituted by `hsb' on input line 1369.
Package xcolor Info: Model `Gray' substituted by `gray' on input line 1370.
Package xcolor Info: Model `wave' substituted by `hsb' on input line 1371.

("C:\Users\simon\AppData\Local\Programs\MiKTeX 2.9\tex/latex/graphics\dvipsnam.
def"
File: dvipsnam.def 2016/06/17 v3.0m Driver-dependent file (DPC,SPQR)
))
("C:\Users\simon\AppData\Local\Programs\MiKTeX 2.9\tex/generic/pgf/basiclayer\p
gfcore.code.tex"
Package: pgfcore 2020/01/08 v3.1.5b (3.1.5b)

("C:\Users\simon\AppData\Local\Programs\MiKTeX 2.9\tex/generic/pgf/math\pgfmath
.code.tex"
("C:\Users\simon\AppData\Local\Programs\MiKTeX 2.9\tex/generic/pgf/math\pgfmath
calc.code.tex"
("C:\Users\simon\AppData\Local\Programs\MiKTeX 2.9\tex/generic/pgf/math\pgfmath
util.code.tex")
("C:\Users\simon\AppData\Local\Programs\MiKTeX 2.9\tex/generic/pgf/math\pgfmath
parser.code.tex"
\pgfmath@dimen=\dimen172
\pgfmath@count=\count268
\pgfmath@box=\box55
\pgfmath@toks=\toks24
\pgfmath@stack@operand=\toks25
\pgfmath@stack@operation=\toks26
)
("C:\Users\simon\AppData\Local\Programs\MiKTeX 2.9\tex/generic/pgf/math\pgfmath
functions.code.tex"
("C:\Users\simon\AppData\Local\Programs\MiKTeX 2.9\tex/generic/pgf/math\pgfmath
functions.basic.code.tex")
("C:\Users\simon\AppData\Local\Programs\MiKTeX 2.9\tex/generic/pgf/math\pgfmath
functions.trigonometric.code.tex")
("C:\Users\simon\AppData\Local\Programs\MiKTeX 2.9\tex/generic/pgf/math\pgfmath
functions.random.code.tex")
("C:\Users\simon\AppData\Local\Programs\MiKTeX 2.9\tex/generic/pgf/math\pgfmath
functions.comparison.code.tex")
("C:\Users\simon\AppData\Local\Programs\MiKTeX 2.9\tex/generic/pgf/math\pgfmath
functions.base.code.tex")
("C:\Users\simon\AppData\Local\Programs\MiKTeX 2.9\tex/generic/pgf/math\pgfmath
functions.round.code.tex")
("C:\Users\simon\AppData\Local\Programs\MiKTeX 2.9\tex/generic/pgf/math\pgfmath
functions.misc.code.tex")
("C:\Users\simon\AppData\Local\Programs\MiKTeX 2.9\tex/generic/pgf/math\pgfmath
functions.integerarithmetics.code.tex")))
("C:\Users\simon\AppData\Local\Programs\MiKTeX 2.9\tex/generic/pgf/math\pgfmath
float.code.tex"
\c@pgfmathroundto@lastzeros=\count269
))
("C:\Users\simon\AppData\Local\Programs\MiKTeX 2.9\tex/generic/pgf/math\pgfint.
code.tex")
("C:\Users\simon\AppData\Local\Programs\MiKTeX 2.9\tex/generic/pgf/basiclayer\p
gfcorepoints.code.tex"
File: pgfcorepoints.code.tex 2020/01/08 v3.1.5b (3.1.5b)
\pgf@picminx=\dimen173
\pgf@picmaxx=\dimen174
\pgf@picminy=\dimen175
\pgf@picmaxy=\dimen176
\pgf@pathminx=\dimen177
\pgf@pathmaxx=\dimen178
\pgf@pathminy=\dimen179
\pgf@pathmaxy=\dimen180
\pgf@xx=\dimen181
\pgf@xy=\dimen182
\pgf@yx=\dimen183
\pgf@yy=\dimen184
\pgf@zx=\dimen185
\pgf@zy=\dimen186
)
("C:\Users\simon\AppData\Local\Programs\MiKTeX 2.9\tex/generic/pgf/basiclayer\p
gfcorepathconstruct.code.tex"
File: pgfcorepathconstruct.code.tex 2020/01/08 v3.1.5b (3.1.5b)
\pgf@path@lastx=\dimen187
\pgf@path@lasty=\dimen188
)
("C:\Users\simon\AppData\Local\Programs\MiKTeX 2.9\tex/generic/pgf/basiclayer\p
gfcorepathusage.code.tex"
File: pgfcorepathusage.code.tex 2020/01/08 v3.1.5b (3.1.5b)
\pgf@shorten@end@additional=\dimen189
\pgf@shorten@start@additional=\dimen190
)
("C:\Users\simon\AppData\Local\Programs\MiKTeX 2.9\tex/generic/pgf/basiclayer\p
gfcorescopes.code.tex"
File: pgfcorescopes.code.tex 2020/01/08 v3.1.5b (3.1.5b)
\pgfpic=\box56
\pgf@hbox=\box57
\pgf@layerbox@main=\box58
\pgf@picture@serial@count=\count270
)
("C:\Users\simon\AppData\Local\Programs\MiKTeX 2.9\tex/generic/pgf/basiclayer\p
gfcoregraphicstate.code.tex"
File: pgfcoregraphicstate.code.tex 2020/01/08 v3.1.5b (3.1.5b)
\pgflinewidth=\dimen191
)
("C:\Users\simon\AppData\Local\Programs\MiKTeX 2.9\tex/generic/pgf/basiclayer\p
gfcoretransformations.code.tex"
File: pgfcoretransformations.code.tex 2020/01/08 v3.1.5b (3.1.5b)
\pgf@pt@x=\dimen192
\pgf@pt@y=\dimen193
\pgf@pt@temp=\dimen194
)
("C:\Users\simon\AppData\Local\Programs\MiKTeX 2.9\tex/generic/pgf/basiclayer\p
gfcorequick.code.tex"
File: pgfcorequick.code.tex 2020/01/08 v3.1.5b (3.1.5b)
)
("C:\Users\simon\AppData\Local\Programs\MiKTeX 2.9\tex/generic/pgf/basiclayer\p
gfcoreobjects.code.tex"
File: pgfcoreobjects.code.tex 2020/01/08 v3.1.5b (3.1.5b)
)
("C:\Users\simon\AppData\Local\Programs\MiKTeX 2.9\tex/generic/pgf/basiclayer\p
gfcorepathprocessing.code.tex"
File: pgfcorepathprocessing.code.tex 2020/01/08 v3.1.5b (3.1.5b)
)
("C:\Users\simon\AppData\Local\Programs\MiKTeX 2.9\tex/generic/pgf/basiclayer\p
gfcorearrows.code.tex"
File: pgfcorearrows.code.tex 2020/01/08 v3.1.5b (3.1.5b)
\pgfarrowsep=\dimen195
)
("C:\Users\simon\AppData\Local\Programs\MiKTeX 2.9\tex/generic/pgf/basiclayer\p
gfcoreshade.code.tex"
File: pgfcoreshade.code.tex 2020/01/08 v3.1.5b (3.1.5b)
\pgf@max=\dimen196
\pgf@sys@shading@range@num=\count271
\pgf@shadingcount=\count272
)
("C:\Users\simon\AppData\Local\Programs\MiKTeX 2.9\tex/generic/pgf/basiclayer\p
gfcoreimage.code.tex"
File: pgfcoreimage.code.tex 2020/01/08 v3.1.5b (3.1.5b)

("C:\Users\simon\AppData\Local\Programs\MiKTeX 2.9\tex/generic/pgf/basiclayer\p
gfcoreexternal.code.tex"
File: pgfcoreexternal.code.tex 2020/01/08 v3.1.5b (3.1.5b)
\pgfexternal@startupbox=\box59
))
("C:\Users\simon\AppData\Local\Programs\MiKTeX 2.9\tex/generic/pgf/basiclayer\p
gfcorelayers.code.tex"
File: pgfcorelayers.code.tex 2020/01/08 v3.1.5b (3.1.5b)
)
("C:\Users\simon\AppData\Local\Programs\MiKTeX 2.9\tex/generic/pgf/basiclayer\p
gfcoretransparency.code.tex"
File: pgfcoretransparency.code.tex 2020/01/08 v3.1.5b (3.1.5b)
)
("C:\Users\simon\AppData\Local\Programs\MiKTeX 2.9\tex/generic/pgf/basiclayer\p
gfcorepatterns.code.tex"
File: pgfcorepatterns.code.tex 2020/01/08 v3.1.5b (3.1.5b)
)
("C:\Users\simon\AppData\Local\Programs\MiKTeX 2.9\tex/generic/pgf/basiclayer\p
gfcorerdf.code.tex"
File: pgfcorerdf.code.tex 2020/01/08 v3.1.5b (3.1.5b)
)))
("C:\Users\simon\AppData\Local\Programs\MiKTeX 2.9\tex/latex/pgf/utilities\xxco
lor.sty"
Package: xxcolor 2003/10/24 ver 0.1
\XC@nummixins=\count273
\XC@countmixins=\count274
)
("C:\Users\simon\AppData\Local\Programs\MiKTeX 2.9\tex/generic/atbegshi\atbegsh
i.sty"
Package: atbegshi 2019/12/05 v1.19 At begin shipout hook (HO)

("C:\Users\simon\AppData\Local\Programs\MiKTeX 2.9\tex/generic/infwarerr\infwar
err.sty"
Package: infwarerr 2019/12/03 v1.5 Providing info/warning/error messages (HO)
)
("C:\Users\simon\AppData\Local\Programs\MiKTeX 2.9\tex/generic/ltxcmds\ltxcmds.
sty"
Package: ltxcmds 2019/12/15 v1.24 LaTeX kernel commands for general use (HO)
))
("C:\Users\simon\AppData\Local\Programs\MiKTeX 2.9\tex/latex/hyperref\hyperref.
sty"
Package: hyperref 2020-05-15 v7.00e Hypertext links for LaTeX

("C:\Users\simon\AppData\Local\Programs\MiKTeX 2.9\tex/latex/pdftexcmds\pdftexc
mds.sty"
Package: pdftexcmds 2019/11/24 v0.31 Utility functions of pdfTeX for LuaTeX (HO
)
Package pdftexcmds Info: \pdf@primitive is available.
Package pdftexcmds Info: \pdf@ifprimitive is available.
Package pdftexcmds Info: \pdfdraftmode found.
)
("C:\Users\simon\AppData\Local\Programs\MiKTeX 2.9\tex/generic/kvsetkeys\kvsetk
eys.sty"
Package: kvsetkeys 2019/12/15 v1.18 Key value parser (HO)
)
("C:\Users\simon\AppData\Local\Programs\MiKTeX 2.9\tex/generic/kvdefinekeys\kvd
efinekeys.sty"
Package: kvdefinekeys 2019-12-19 v1.6 Define keys (HO)
)
("C:\Users\simon\AppData\Local\Programs\MiKTeX 2.9\tex/generic/pdfescape\pdfesc
ape.sty"
Package: pdfescape 2019/12/09 v1.15 Implements pdfTeX's escape features (HO)
)
("C:\Users\simon\AppData\Local\Programs\MiKTeX 2.9\tex/latex/hycolor\hycolor.st
y"
Package: hycolor 2020-01-27 v1.10 Color options for hyperref/bookmark (HO)
)
("C:\Users\simon\AppData\Local\Programs\MiKTeX 2.9\tex/latex/letltxmacro\letltx
macro.sty"
Package: letltxmacro 2019/12/03 v1.6 Let assignment for LaTeX macros (HO)
)
("C:\Users\simon\AppData\Local\Programs\MiKTeX 2.9\tex/latex/auxhook\auxhook.st
y"
Package: auxhook 2019-12-17 v1.6 Hooks for auxiliary files (HO)
)
("C:\Users\simon\AppData\Local\Programs\MiKTeX 2.9\tex/latex/kvoptions\kvoption
s.sty"
Package: kvoptions 2019/11/29 v3.13 Key value format for package options (HO)
)
\@linkdim=\dimen197
\Hy@linkcounter=\count275
\Hy@pagecounter=\count276

("C:\Users\simon\AppData\Local\Programs\MiKTeX 2.9\tex/latex/hyperref\pd1enc.de
f"
File: pd1enc.def 2020-05-15 v7.00e Hyperref: PDFDocEncoding definition (HO)
Now handling font encoding PD1 ...
... no UTF-8 mapping file for font encoding PD1
)
("C:\Users\simon\AppData\Local\Programs\MiKTeX 2.9\tex/generic/intcalc\intcalc.
sty"
Package: intcalc 2019/12/15 v1.3 Expandable calculations with integers (HO)
)
("C:\Users\simon\AppData\Local\Programs\MiKTeX 2.9\tex/generic/etexcmds\etexcmd
s.sty"
Package: etexcmds 2019/12/15 v1.7 Avoid name clashes with e-TeX commands (HO)
)
\Hy@SavedSpaceFactor=\count277
Package hyperref Info: Option `bookmarks' set `true' on input line 4338.
Package hyperref Info: Option `bookmarksopen' set `true' on input line 4338.
Package hyperref Info: Option `implicit' set `false' on input line 4338.
Package hyperref Info: Hyper figures OFF on input line 4464.
Package hyperref Info: Link nesting OFF on input line 4469.
Package hyperref Info: Hyper index ON on input line 4472.
Package hyperref Info: Plain pages OFF on input line 4479.
Package hyperref Info: Backreferencing OFF on input line 4484.
Package hyperref Info: Implicit mode OFF; no redefinition of LaTeX internals.
Package hyperref Info: Bookmarks ON on input line 4717.
\c@Hy@tempcnt=\count278
 ("C:\Users\simon\AppData\Local\Programs\MiKTeX 2.9\tex/latex/url\url.sty"
\Urlmuskip=\muskip16
Package: url 2013/09/16  ver 3.4  Verb mode for urls, etc.
)
LaTeX Info: Redefining \url on input line 5076.
\XeTeXLinkMargin=\dimen198

("C:\Users\simon\AppData\Local\Programs\MiKTeX 2.9\tex/generic/bitset\bitset.st
y"
Package: bitset 2019/12/09 v1.3 Handle bit-vector datatype (HO)

("C:\Users\simon\AppData\Local\Programs\MiKTeX 2.9\tex/generic/bigintcalc\bigin
tcalc.sty"
Package: bigintcalc 2019/12/15 v1.5 Expandable calculations on big integers (HO
)
))
\Fld@menulength=\count279
\Field@Width=\dimen199
\Fld@charsize=\dimen256
Package hyperref Info: Hyper figures OFF on input line 6347.
Package hyperref Info: Link nesting OFF on input line 6352.
Package hyperref Info: Hyper index ON on input line 6355.
Package hyperref Info: backreferencing OFF on input line 6362.
Package hyperref Info: Link coloring OFF on input line 6367.
Package hyperref Info: Link coloring with OCG OFF on input line 6372.
Package hyperref Info: PDF/A mode OFF on input line 6377.
LaTeX Info: Redefining \ref on input line 6417.
LaTeX Info: Redefining \pageref on input line 6421.
\Hy@abspage=\count280


Package hyperref Message: Stopped early.

)
Package hyperref Info: Driver (autodetected): hpdftex.

("C:\Users\simon\AppData\Local\Programs\MiKTeX 2.9\tex/latex/hyperref\hpdftex.d
ef"
File: hpdftex.def 2020-05-15 v7.00e Hyperref driver for pdfTeX

("C:\Users\simon\AppData\Local\Programs\MiKTeX 2.9\tex/latex/atveryend\atveryen
d.sty"
Package: atveryend 2019-12-11 v1.11 Hooks at the very end of document (HO)
)
\Fld@listcount=\count281
\c@bookmark@seq@number=\count282

("C:\Users\simon\AppData\Local\Programs\MiKTeX 2.9\tex/latex/rerunfilecheck\rer
unfilecheck.sty"
Package: rerunfilecheck 2019/12/05 v1.9 Rerun checks for auxiliary files (HO)

("C:\Users\simon\AppData\Local\Programs\MiKTeX 2.9\tex/generic/uniquecounter\un
iquecounter.sty"
Package: uniquecounter 2019/12/15 v1.4 Provide unlimited unique counter (HO)
)
Package uniquecounter Info: New unique counter `rerunfilecheck' on input line 2
86.
))
("C:\Users\simon\AppData\Local\Programs\MiKTeX 2.9\tex/latex/beamer\beamerbaser
equires.sty"
("C:\Users\simon\AppData\Local\Programs\MiKTeX 2.9\tex/latex/beamer\beamerbasec
ompatibility.sty")
("C:\Users\simon\AppData\Local\Programs\MiKTeX 2.9\tex/latex/beamer\beamerbasef
ont.sty"
("C:\Users\simon\AppData\Local\Programs\MiKTeX 2.9\tex/latex/amsfonts\amssymb.s
ty"
Package: amssymb 2013/01/14 v3.01 AMS font symbols

("C:\Users\simon\AppData\Local\Programs\MiKTeX 2.9\tex/latex/amsfonts\amsfonts.
sty"
Package: amsfonts 2013/01/14 v3.01 Basic AMSFonts support
\@emptytoks=\toks27
\symAMSa=\mathgroup4
\symAMSb=\mathgroup5
LaTeX Font Info:    Redeclaring math symbol \hbar on input line 98.
LaTeX Font Info:    Overwriting math alphabet `\mathfrak' in version `bold'
(Font)                  U/euf/m/n --> U/euf/b/n on input line 106.
))
("C:\Users\simon\AppData\Local\Programs\MiKTeX 2.9\tex/latex/sansmathaccent\san
smathaccent.sty"
Package: sansmathaccent 2020/01/31

("C:\Users\simon\AppData\Local\Programs\MiKTeX 2.9\tex/latex/koma-script\scrlfi
le.sty"
Package: scrlfile 2020/04/19 v3.30 KOMA-Script package (loading files)
)))
("C:\Users\simon\AppData\Local\Programs\MiKTeX 2.9\tex/latex/beamer\beamerbaset
ranslator.sty"
("C:\Users\simon\AppData\Local\Programs\MiKTeX 2.9\tex/latex/translator\transla
tor.sty"
Package: translator 2019-05-31 v1.12a Easy translation of strings in LaTeX
))
("C:\Users\simon\AppData\Local\Programs\MiKTeX 2.9\tex/latex/beamer\beamerbasem
isc.sty")
("C:\Users\simon\AppData\Local\Programs\MiKTeX 2.9\tex/latex/beamer\beamerbaset
woscreens.sty")
("C:\Users\simon\AppData\Local\Programs\MiKTeX 2.9\tex/latex/beamer\beamerbaseo
verlay.sty"
\beamer@argscount=\count283
\beamer@lastskipcover=\skip50
\beamer@trivlistdepth=\count284
)
("C:\Users\simon\AppData\Local\Programs\MiKTeX 2.9\tex/latex/beamer\beamerbaset
itle.sty")
("C:\Users\simon\AppData\Local\Programs\MiKTeX 2.9\tex/latex/beamer\beamerbases
ection.sty"
\c@lecture=\count285
\c@part=\count286
\c@section=\count287
\c@subsection=\count288
\c@subsubsection=\count289
)
("C:\Users\simon\AppData\Local\Programs\MiKTeX 2.9\tex/latex/beamer\beamerbasef
rame.sty"
\beamer@framebox=\box60
\beamer@frametitlebox=\box61
\beamer@zoombox=\box62
\beamer@zoomcount=\count290
\beamer@zoomframecount=\count291
\beamer@frametextheight=\dimen257
\c@subsectionslide=\count292
\beamer@frametopskip=\skip51
\beamer@framebottomskip=\skip52
\beamer@frametopskipautobreak=\skip53
\beamer@framebottomskipautobreak=\skip54
\beamer@envbody=\toks28
\framewidth=\dimen258
\c@framenumber=\count293
)
("C:\Users\simon\AppData\Local\Programs\MiKTeX 2.9\tex/latex/beamer\beamerbasev
erbatim.sty"
\beamer@verbatimfileout=\write4
)
("C:\Users\simon\AppData\Local\Programs\MiKTeX 2.9\tex/latex/beamer\beamerbasef
ramesize.sty"
\beamer@splitbox=\box63
\beamer@autobreakcount=\count294
\beamer@autobreaklastheight=\dimen259
\beamer@frametitletoks=\toks29
\beamer@framesubtitletoks=\toks30
)
("C:\Users\simon\AppData\Local\Programs\MiKTeX 2.9\tex/latex/beamer\beamerbasef
ramecomponents.sty"
\beamer@footins=\box64
)
("C:\Users\simon\AppData\Local\Programs\MiKTeX 2.9\tex/latex/beamer\beamerbasec
olor.sty")
("C:\Users\simon\AppData\Local\Programs\MiKTeX 2.9\tex/latex/beamer\beamerbasen
otes.sty"
\beamer@frameboxcopy=\box65
)
("C:\Users\simon\AppData\Local\Programs\MiKTeX 2.9\tex/latex/beamer\beamerbaset
oc.sty")
("C:\Users\simon\AppData\Local\Programs\MiKTeX 2.9\tex/latex/beamer\beamerbaset
emplates.sty"
\beamer@sbttoks=\toks31

("C:\Users\simon\AppData\Local\Programs\MiKTeX 2.9\tex/latex/beamer\beamerbasea
uxtemplates.sty"
("C:\Users\simon\AppData\Local\Programs\MiKTeX 2.9\tex/latex/beamer\beamerbaseb
oxes.sty"
\bmb@box=\box66
\bmb@colorbox=\box67
\bmb@boxshadow=\box68
\bmb@boxshadowball=\box69
\bmb@boxshadowballlarge=\box70
\bmb@temp=\dimen260
\bmb@dima=\dimen261
\bmb@dimb=\dimen262
\bmb@prevheight=\dimen263
)
\beamer@blockheadheight=\dimen264
))
("C:\Users\simon\AppData\Local\Programs\MiKTeX 2.9\tex/latex/beamer\beamerbasel
ocalstructure.sty"
("C:\Users\simon\AppData\Local\Programs\MiKTeX 2.9\tex/latex/tools\enumerate.st
y"
Package: enumerate 2015/07/23 v3.00 enumerate extensions (DPC)
\@enLab=\toks32
)
\c@figure=\count295
\c@table=\count296
\abovecaptionskip=\skip55
\belowcaptionskip=\skip56
)
("C:\Users\simon\AppData\Local\Programs\MiKTeX 2.9\tex/latex/beamer\beamerbasen
avigation.sty"
\beamer@section@min@dim=\dimen265
)
("C:\Users\simon\AppData\Local\Programs\MiKTeX 2.9\tex/latex/beamer\beamerbaset
heorems.sty"
("C:\Users\simon\AppData\Local\Programs\MiKTeX 2.9\tex/latex/amsmath\amsmath.st
y"
Package: amsmath 2020/01/20 v2.17e AMS math features
\@mathmargin=\skip57

For additional information on amsmath, use the `?' option.

("C:\Users\simon\AppData\Local\Programs\MiKTeX 2.9\tex/latex/amsmath\amstext.st
y"
Package: amstext 2000/06/29 v2.01 AMS text

("C:\Users\simon\AppData\Local\Programs\MiKTeX 2.9\tex/latex/amsmath\amsgen.sty
"
File: amsgen.sty 1999/11/30 v2.0 generic functions
\@emptytoks=\toks33
\ex@=\dimen266
))
("C:\Users\simon\AppData\Local\Programs\MiKTeX 2.9\tex/latex/amsmath\amsbsy.sty
"
Package: amsbsy 1999/11/29 v1.2d Bold Symbols
\pmbraise@=\dimen267
)
("C:\Users\simon\AppData\Local\Programs\MiKTeX 2.9\tex/latex/amsmath\amsopn.sty
"
Package: amsopn 2016/03/08 v2.02 operator names
)
\inf@bad=\count297
LaTeX Info: Redefining \frac on input line 227.
\uproot@=\count298
\leftroot@=\count299
LaTeX Info: Redefining \overline on input line 389.
\classnum@=\count300
\DOTSCASE@=\count301
LaTeX Info: Redefining \ldots on input line 486.
LaTeX Info: Redefining \dots on input line 489.
LaTeX Info: Redefining \cdots on input line 610.
\Mathstrutbox@=\box71
\strutbox@=\box72
\big@size=\dimen268
LaTeX Font Info:    Redeclaring font encoding OML on input line 733.
LaTeX Font Info:    Redeclaring font encoding OMS on input line 734.
\macc@depth=\count302
\c@MaxMatrixCols=\count303
\dotsspace@=\muskip17
\c@parentequation=\count304
\dspbrk@lvl=\count305
\tag@help=\toks34
\row@=\count306
\column@=\count307
\maxfields@=\count308
\andhelp@=\toks35
\eqnshift@=\dimen269
\alignsep@=\dimen270
\tagshift@=\dimen271
\tagwidth@=\dimen272
\totwidth@=\dimen273
\lineht@=\dimen274
\@envbody=\toks36
\multlinegap=\skip58
\multlinetaggap=\skip59
\mathdisplay@stack=\toks37
LaTeX Info: Redefining \[ on input line 2859.
LaTeX Info: Redefining \] on input line 2860.
)
("C:\Users\simon\AppData\Local\Programs\MiKTeX 2.9\tex/latex/amscls\amsthm.sty"
Package: amsthm 2020/05/29 v2.20.6
\thm@style=\toks38
\thm@bodyfont=\toks39
\thm@headfont=\toks40
\thm@notefont=\toks41
\thm@headpunct=\toks42
\thm@preskip=\skip60
\thm@postskip=\skip61
\thm@headsep=\skip62
\dth@everypar=\toks43
)
\c@theorem=\count309
)
("C:\Users\simon\AppData\Local\Programs\MiKTeX 2.9\tex/latex/beamer\beamerbaset
hemes.sty"))
("C:\Users\simon\AppData\Local\Programs\MiKTeX 2.9\tex/latex/beamer\beamertheme
default.sty"
("C:\Users\simon\AppData\Local\Programs\MiKTeX 2.9\tex/latex/beamer\beamerfontt
hemedefault.sty")
("C:\Users\simon\AppData\Local\Programs\MiKTeX 2.9\tex/latex/beamer\beamercolor
themedefault.sty")
("C:\Users\simon\AppData\Local\Programs\MiKTeX 2.9\tex/latex/beamer\beamerinner
themedefault.sty"
\beamer@dima=\dimen275
\beamer@dimb=\dimen276
)
("C:\Users\simon\AppData\Local\Programs\MiKTeX 2.9\tex/latex/beamer\beamerouter
themedefault.sty")))
("C:\Users\simon\AppData\Local\Programs\MiKTeX 2.9\tex/latex/base\inputenc.sty"
Package: inputenc 2018/08/11 v1.3c Input encoding file
\inpenc@prehook=\toks44
\inpenc@posthook=\toks45
) ("C:\Users\simon\AppData\Local\Programs\MiKTeX 2.9\tex/generic/babel\babel.st
y"
Package: babel 2020/05/13 3.44 The Babel package

("C:\Users\simon\AppData\Local\Programs\MiKTeX 2.9\tex/generic/babel\babel.def"
File: babel.def 2020/05/13 3.44 Babel common definitions
\babel@savecnt=\count310
\U@D=\dimen277
\l@babelnohyphens=\language79

("C:\Users\simon\AppData\Local\Programs\MiKTeX 2.9\tex/generic/babel\txtbabel.d
ef")
\bbl@readstream=\read3
)
LaTeX Info: Redefining \textlatin on input line 674.
\bbl@dirlevel=\count311

*************************************
* Local config file bblopts.cfg used
*
("C:\Users\simon\AppData\Local\Programs\MiKTeX 2.9\tex/latex/arabi\bblopts.cfg"
File: bblopts.cfg 2005/09/08 v0.1 add Arabic and Farsi to "declared" options of
 babel
)
("C:\Users\simon\AppData\Local\Programs\MiKTeX 2.9\tex/latex/babel-german\ngerm
an.ldf"
Language: ngerman 2018/12/08 v2.11 German support for babel (post-1996 orthogra
phy)

("C:\Users\simon\AppData\Local\Programs\MiKTeX 2.9\tex/latex/babel-german\ngerm
anb.ldf"
Language: ngermanb 2018/12/08 v2.11 German support for babel (post-1996 orthogr
aphy)
Package babel Info: Making " an active character on input line 121.
)))
("C:\Users\simon\AppData\Local\Programs\MiKTeX 2.9\tex/latex/germbib\bibgerm.st
y"
Package: bibgerm 2000/08/18 v0.1 Support for mixed language bibliographies

** Macros for german `BibTeX'ing added to Style Option `german' 20 Apr 1993 **
** idea and languages `german' and `USenglish' implemented by M. Wallmeier **
** Modified for LaTeX 2e and german.sty 2.5b by A. Scherer 1 Nov 1995 **
** Modified for ngerman.sty and babel.sty by H. Harders 21 August 2000 **)
(templatesetup.tex (beamerthemeHochschuleTrier.sty
Package: beamerthemeHochschuleTrier 2017/01/16 package beamerthemeHochschuleTri
er

(beamercolorthemeHochschuleTrier.sty
Package: beamercolorthemeHochschuleTrier 2017/01/16 package beamercolorthemeHoc
hschuleTrier
) (beamerinnerthemeHochschuleTrier.sty
Package: beamerinnerthemeHochschuleTrier 2017/01/16 package beamerinnerthemeHoc
hschuleTrier

("C:\Users\simon\AppData\Local\Programs\MiKTeX 2.9\tex/latex/beamer\beamerinner
themecircles.sty")) (beamerouterthemeHochschuleTrier.sty
Package: beamerouterthemeHochschuleTrier 2017/01/16 package beamerouterthemeHoc
hschuleTrier

("C:\Users\simon\AppData\Local\Programs\MiKTeX 2.9\tex/latex/tools\calc.sty"
Package: calc 2017/05/25 v4.3 Infix arithmetic (KKT,FJ)
\calc@Acount=\count312
\calc@Bcount=\count313
\calc@Adimen=\dimen278
\calc@Bdimen=\dimen279
\calc@Askip=\skip63
\calc@Bskip=\skip64
LaTeX Info: Redefining \setlength on input line 80.
LaTeX Info: Redefining \addtolength on input line 81.
\calc@Ccount=\count314
\calc@Cskip=\skip65
))) ("C:\Users\simon\AppData\Local\Programs\MiKTeX 2.9\tex/latex/psnfss\helvet.
sty"
Package: helvet 2020/03/25 PSNFSS-v9.3 (WaS) 
)
("C:\Users\simon\AppData\Local\Programs\MiKTeX 2.9\tex/latex/psnfss\courier.sty
"
Package: courier 2020/03/25 PSNFSS-v9.3 (WaS) 
)
("C:\Users\simon\AppData\Local\Programs\MiKTeX 2.9\tex/latex/pgf/frontendlayer\
tikz.sty"
("C:\Users\simon\AppData\Local\Programs\MiKTeX 2.9\tex/latex/pgf/basiclayer\pgf
.sty"
Package: pgf 2020/01/08 v3.1.5b (3.1.5b)

("C:\Users\simon\AppData\Local\Programs\MiKTeX 2.9\tex/generic/pgf/modules\pgfm
oduleshapes.code.tex"
File: pgfmoduleshapes.code.tex 2020/01/08 v3.1.5b (3.1.5b)
\pgfnodeparttextbox=\box73
)
("C:\Users\simon\AppData\Local\Programs\MiKTeX 2.9\tex/generic/pgf/modules\pgfm
oduleplot.code.tex"
File: pgfmoduleplot.code.tex 2020/01/08 v3.1.5b (3.1.5b)
)
("C:\Users\simon\AppData\Local\Programs\MiKTeX 2.9\tex/latex/pgf/compatibility\
pgfcomp-version-0-65.sty"
Package: pgfcomp-version-0-65 2020/01/08 v3.1.5b (3.1.5b)
\pgf@nodesepstart=\dimen280
\pgf@nodesepend=\dimen281
)
("C:\Users\simon\AppData\Local\Programs\MiKTeX 2.9\tex/latex/pgf/compatibility\
pgfcomp-version-1-18.sty"
Package: pgfcomp-version-1-18 2020/01/08 v3.1.5b (3.1.5b)
))
("C:\Users\simon\AppData\Local\Programs\MiKTeX 2.9\tex/latex/pgf/utilities\pgff
or.sty"
("C:\Users\simon\AppData\Local\Programs\MiKTeX 2.9\tex/latex/pgf/utilities\pgfk
eys.sty"
("C:\Users\simon\AppData\Local\Programs\MiKTeX 2.9\tex/generic/pgf/utilities\pg
fkeys.code.tex"))
("C:\Users\simon\AppData\Local\Programs\MiKTeX 2.9\tex/latex/pgf/math\pgfmath.s
ty"
("C:\Users\simon\AppData\Local\Programs\MiKTeX 2.9\tex/generic/pgf/math\pgfmath
.code.tex"))
("C:\Users\simon\AppData\Local\Programs\MiKTeX 2.9\tex/generic/pgf/utilities\pg
ffor.code.tex"
Package: pgffor 2020/01/08 v3.1.5b (3.1.5b)

("C:\Users\simon\AppData\Local\Programs\MiKTeX 2.9\tex/generic/pgf/math\pgfmath
.code.tex")
\pgffor@iter=\dimen282
\pgffor@skip=\dimen283
\pgffor@stack=\toks46
\pgffor@toks=\toks47
))
("C:\Users\simon\AppData\Local\Programs\MiKTeX 2.9\tex/generic/pgf/frontendlaye
r/tikz\tikz.code.tex"
Package: tikz 2020/01/08 v3.1.5b (3.1.5b)

("C:\Users\simon\AppData\Local\Programs\MiKTeX 2.9\tex/generic/pgf/libraries\pg
flibraryplothandlers.code.tex"
File: pgflibraryplothandlers.code.tex 2020/01/08 v3.1.5b (3.1.5b)
\pgf@plot@mark@count=\count315
\pgfplotmarksize=\dimen284
)
\tikz@lastx=\dimen285
\tikz@lasty=\dimen286
\tikz@lastxsaved=\dimen287
\tikz@lastysaved=\dimen288
\tikz@lastmovetox=\dimen289
\tikz@lastmovetoy=\dimen290
\tikzleveldistance=\dimen291
\tikzsiblingdistance=\dimen292
\tikz@figbox=\box74
\tikz@figbox@bg=\box75
\tikz@tempbox=\box76
\tikz@tempbox@bg=\box77
\tikztreelevel=\count316
\tikznumberofchildren=\count317
\tikznumberofcurrentchild=\count318
\tikz@fig@count=\count319

("C:\Users\simon\AppData\Local\Programs\MiKTeX 2.9\tex/generic/pgf/modules\pgfm
odulematrix.code.tex"
File: pgfmodulematrix.code.tex 2020/01/08 v3.1.5b (3.1.5b)
\pgfmatrixcurrentrow=\count320
\pgfmatrixcurrentcolumn=\count321
\pgf@matrix@numberofcolumns=\count322
)
\tikz@expandcount=\count323

("C:\Users\simon\AppData\Local\Programs\MiKTeX 2.9\tex/generic/pgf/frontendlaye
r/tikz/libraries\tikzlibrarytopaths.code.tex"
File: tikzlibrarytopaths.code.tex 2020/01/08 v3.1.5b (3.1.5b)
)))
("C:\Users\simon\AppData\Local\Programs\MiKTeX 2.9\tex/generic/pgf/frontendlaye
r/tikz/libraries\tikzlibrarycalc.code.tex"
File: tikzlibrarycalc.code.tex 2020/01/08 v3.1.5b (3.1.5b)
)
("C:\Users\simon\AppData\Local\Programs\MiKTeX 2.9\tex/generic/pgf/frontendlaye
r/tikz/libraries\tikzlibrarypositioning.code.tex"
File: tikzlibrarypositioning.code.tex 2020/01/08 v3.1.5b (3.1.5b)
)
("C:\Users\simon\AppData\Local\Programs\MiKTeX 2.9\tex/latex/beamer\beamerfontt
hemeserif.sty"))
("C:\Users\simon\AppData\Local\Programs\MiKTeX 2.9\tex/latex/lipsum\lipsum.sty"
("C:\Users\simon\AppData\Local\Programs\MiKTeX 2.9\tex/latex/l3kernel\expl3.sty
"
Package: expl3 2020-05-15 L3 programming layer (loader) 

("C:\Users\simon\AppData\Local\Programs\MiKTeX 2.9\tex/latex/l3backend\l3backen
d-pdfmode.def"
File: l3backend-pdfmode.def 2020-05-05 L3 backend support: PDF mode
\l__kernel_color_stack_int=\count324
\l__pdf_internal_box=\box78
))
("C:\Users\simon\AppData\Local\Programs\MiKTeX 2.9\tex/latex/l3packages/xparse\
xparse.sty"
Package: xparse 2020-05-15 L3 Experimental document command parser

("C:\Users\simon\AppData\Local\Programs\MiKTeX 2.9\tex/latex/l3packages/xparse\
xparse-generic.tex"
\l__xparse_current_arg_int=\count325
\g__xparse_grabber_int=\count326
\l__xparse_m_args_int=\count327
\l__xparse_v_nesting_int=\count328
))
Package: lipsum 2019/01/02 v2.2 150 paragraphs of Lorem Ipsum dummy text

("C:\Users\simon\AppData\Local\Programs\MiKTeX 2.9\tex/latex/lipsum\lipsum.ltd.
tex"
File: lipsum.ltd.tex 2019/01/02 v2.2 The Lorem ipsum dummy text
))
("C:\Users\simon\AppData\Local\Programs\MiKTeX 2.9\tex/latex/listings\listings.
sty"
\lst@mode=\count329
\lst@gtempboxa=\box79
\lst@token=\toks48
\lst@length=\count330
\lst@currlwidth=\dimen293
\lst@column=\count331
\lst@pos=\count332
\lst@lostspace=\dimen294
\lst@width=\dimen295
\lst@newlines=\count333
\lst@lineno=\count334
\lst@maxwidth=\dimen296

("C:\Users\simon\AppData\Local\Programs\MiKTeX 2.9\tex/latex/listings\lstmisc.s
ty"
File: lstmisc.sty 2020/03/24 1.8d (Carsten Heinz)
\c@lstnumber=\count335
\lst@skipnumbers=\count336
\lst@framebox=\box80
)
("C:\Users\simon\AppData\Local\Programs\MiKTeX 2.9\tex/latex/listings\listings.
cfg"
File: listings.cfg 2020/03/24 1.8d listings configuration
))
Package: listings 2020/03/24 1.8d (Carsten Heinz)

("C:\Users\simon\AppData\Local\Programs\MiKTeX 2.9\tex/latex/listings\lstlang1.
sty"
File: lstlang1.sty 2020/03/24 1.8d listings language file
)
("C:\Users\simon\AppData\Local\Programs\MiKTeX 2.9\tex/latex/listings\lstlang1.
sty"
File: lstlang1.sty 2020/03/24 1.8d listings language file
)
("C:\Users\simon\AppData\Local\Programs\MiKTeX 2.9\tex/latex/listings\lstmisc.s
ty"
File: lstmisc.sty 2020/03/24 1.8d (Carsten Heinz)
) (tutorial.aux)
\openout1 = `tutorial.aux'.

LaTeX Font Info:    Checking defaults for OML/cmm/m/it on input line 78.
LaTeX Font Info:    ... okay on input line 78.
LaTeX Font Info:    Checking defaults for OMS/cmsy/m/n on input line 78.
LaTeX Font Info:    ... okay on input line 78.
LaTeX Font Info:    Checking defaults for OT1/cmr/m/n on input line 78.
LaTeX Font Info:    ... okay on input line 78.
LaTeX Font Info:    Checking defaults for T1/cmr/m/n on input line 78.
LaTeX Font Info:    ... okay on input line 78.
LaTeX Font Info:    Checking defaults for TS1/cmr/m/n on input line 78.
LaTeX Font Info:    ... okay on input line 78.
LaTeX Font Info:    Checking defaults for OMX/cmex/m/n on input line 78.
LaTeX Font Info:    ... okay on input line 78.
LaTeX Font Info:    Checking defaults for U/cmr/m/n on input line 78.
LaTeX Font Info:    ... okay on input line 78.
LaTeX Font Info:    Checking defaults for PD1/pdf/m/n on input line 78.
LaTeX Font Info:    ... okay on input line 78.
LaTeX Font Info:    Trying to load font information for OT1+phv on input line 7
8.

("C:\Users\simon\AppData\Local\Programs\MiKTeX 2.9\tex/latex/psnfss\ot1phv.fd"
File: ot1phv.fd 2020/03/25 scalable font definitions for OT1/phv.
)
*geometry* driver: auto-detecting
*geometry* detected driver: pdftex
*geometry* verbose mode - [ preamble ] result:
* driver: pdftex
* paper: custom
* layout: <same size as paper>
* layoutoffset:(h,v)=(0.0pt,0.0pt)
* modes: includehead includefoot 
* h-part:(L,W,R)=(28.45274pt, 398.3386pt, 28.45274pt)
* v-part:(T,H,B)=(0.0pt, 256.0748pt, 0.0pt)
* \paperwidth=455.24408pt
* \paperheight=256.0748pt
* \textwidth=398.3386pt
* \textheight=227.62207pt
* \oddsidemargin=-43.81725pt
* \evensidemargin=-43.81725pt
* \topmargin=-72.26999pt
* \headheight=14.22636pt
* \headsep=0.0pt
* \topskip=11.0pt
* \footskip=14.22636pt
* \marginparwidth=4.0pt
* \marginparsep=10.0pt
* \columnsep=10.0pt
* \skip\footins=10.0pt plus 4.0pt minus 2.0pt
* \hoffset=0.0pt
* \voffset=0.0pt
* \mag=1000
* \@twocolumnfalse
* \@twosidefalse
* \@mparswitchfalse
* \@reversemarginfalse
* (1in=72.27pt=25.4mm, 1cm=28.453pt)


("C:\Users\simon\AppData\Local\Programs\MiKTeX 2.9\tex/context/base/mkii\supp-p
df.mkii"
[Loading MPS to PDF converter (version 2006.09.02).]
\scratchcounter=\count337
\scratchdimen=\dimen297
\scratchbox=\box81
\nofMPsegments=\count338
\nofMParguments=\count339
\everyMPshowfont=\toks49
\MPscratchCnt=\count340
\MPscratchDim=\dimen298
\MPnumerator=\count341
\makeMPintoPDFobject=\count342
\everyMPtoPDFconversion=\toks50
)
("C:\Users\simon\AppData\Local\Programs\MiKTeX 2.9\tex/latex/epstopdf-pkg\epsto
pdf-base.sty"
Package: epstopdf-base 2020-01-24 v2.11 Base part for package epstopdf
Package epstopdf-base Info: Redefining graphics rule for `.eps' on input line 4
85.
) ABD: EveryShipout initializing macros
\AtBeginShipoutBox=\box82
Package hyperref Info: Link coloring OFF on input line 78.

("C:\Users\simon\AppData\Local\Programs\MiKTeX 2.9\tex/latex/hyperref\nameref.s
ty"
Package: nameref 2019/09/16 v2.46 Cross-referencing by name of section

("C:\Users\simon\AppData\Local\Programs\MiKTeX 2.9\tex/latex/refcount\refcount.
sty"
Package: refcount 2019/12/15 v3.6 Data extraction from label references (HO)
)
("C:\Users\simon\AppData\Local\Programs\MiKTeX 2.9\tex/generic/gettitlestring\g
ettitlestring.sty"
Package: gettitlestring 2019/12/15 v1.6 Cleanup title references (HO)
)
\c@section@level=\count343
)
LaTeX Info: Redefining \ref on input line 78.
LaTeX Info: Redefining \pageref on input line 78.
LaTeX Info: Redefining \nameref on input line 78.
 (tutorial.out) (tutorial.out)
\@outlinefile=\write5
\openout5 = `tutorial.out'.


("C:\Users\simon\AppData\Local\Programs\MiKTeX 2.9\tex/latex/translator\transla
tor-basic-dictionary-English.dict"
Dictionary: translator-basic-dictionary, Language: English 
)
("C:\Users\simon\AppData\Local\Programs\MiKTeX 2.9\tex/latex/translator\transla
tor-bibliography-dictionary-English.dict"
Dictionary: translator-bibliography-dictionary, Language: English 
)
("C:\Users\simon\AppData\Local\Programs\MiKTeX 2.9\tex/latex/translator\transla
tor-environment-dictionary-English.dict"
Dictionary: translator-environment-dictionary, Language: English 
)
("C:\Users\simon\AppData\Local\Programs\MiKTeX 2.9\tex/latex/translator\transla
tor-months-dictionary-English.dict"
Dictionary: translator-months-dictionary, Language: English 
)
("C:\Users\simon\AppData\Local\Programs\MiKTeX 2.9\tex/latex/translator\transla
tor-numbers-dictionary-English.dict"
Dictionary: translator-numbers-dictionary, Language: English 
)
("C:\Users\simon\AppData\Local\Programs\MiKTeX 2.9\tex/latex/translator\transla
tor-theorem-dictionary-English.dict"
Dictionary: translator-theorem-dictionary, Language: English 
)

bibgerm.sty: babel.sty detected

\c@lstlisting=\count344
(tutorial.nav)
Overfull \hbox (28.97128pt too wide) in paragraph at lines 78--78
 []  
 []

LaTeX Font Info:    Trying to load font information for U+msa on input line 78.

("C:\Users\simon\AppData\Local\Programs\MiKTeX 2.9\tex/latex/amsfonts\umsa.fd"
File: umsa.fd 2013/01/14 v3.01 AMS symbols A
)
LaTeX Font Info:    Trying to load font information for U+msb on input line 78.

("C:\Users\simon\AppData\Local\Programs\MiKTeX 2.9\tex/latex/amsfonts\umsb.fd"
File: umsb.fd 2013/01/14 v3.01 AMS symbols B
)
<HochschuleLogo.pdf, id=93, 812.03375pt x 157.58875pt>
File: HochschuleLogo.pdf Graphic file (type pdf)
<use HochschuleLogo.pdf>
Package pdftex.def Info: HochschuleLogo.pdf  used on input line 78.
(pdftex.def)             Requested size: 109.95436pt x 21.33955pt.
File: HochschuleLogo.pdf Graphic file (type pdf)
<use HochschuleLogo.pdf>
Package pdftex.def Info: HochschuleLogo.pdf  used on input line 82.
(pdftex.def)             Requested size: 109.95436pt x 21.33955pt.

Overfull \hbox (28.97128pt too wide) has occurred while \output is active
 []  
 []

[1

{C:/Users/simon/AppData/Local/MiKTeX/2.9/pdftex/config/pdftex.map} <./Hochschul
eLogo.pdf>] (tutorial.toc)
Overfull \vbox (85.8461pt too high) detected at line 89
 []

File: HochschuleLogo.pdf Graphic file (type pdf)
<use HochschuleLogo.pdf>
Package pdftex.def Info: HochschuleLogo.pdf  used on input line 89.
(pdftex.def)             Requested size: 109.95436pt x 21.33955pt.

Overfull \hbox (28.97128pt too wide) has occurred while \output is active
 []  
 []

[2

]
LaTeX Font Info:    Font shape `OT1/phv/m/it' in size <10.95> not available
(Font)              Font shape `OT1/phv/m/sl' tried instead on input line 114.
<images/Bild1.png, id=149, 207.02344pt x 232.61906pt>
File: images/Bild1.png Graphic file (type png)
<use images/Bild1.png>
Package pdftex.def Info: images/Bild1.png  used on input line 114.
(pdftex.def)             Requested size: 71.13188pt x 79.92711pt.
File: HochschuleLogo.pdf Graphic file (type pdf)
<use HochschuleLogo.pdf>
Package pdftex.def Info: HochschuleLogo.pdf  used on input line 114.
(pdftex.def)             Requested size: 109.95436pt x 21.33955pt.

Overfull \hbox (28.97128pt too wide) has occurred while \output is active
 []  
 []

[3

 <./images/Bild1.png>]
<images/Bild2.png, id=159, 315.42844pt x 248.42813pt>
File: images/Bild2.png Graphic file (type png)
<use images/Bild2.png>
Package pdftex.def Info: images/Bild2.png  used on input line 137.
(pdftex.def)             Requested size: 128.0374pt x 100.84027pt.
File: HochschuleLogo.pdf Graphic file (type pdf)
<use HochschuleLogo.pdf>
Package pdftex.def Info: HochschuleLogo.pdf  used on input line 137.
(pdftex.def)             Requested size: 109.95436pt x 21.33955pt.

Overfull \hbox (28.97128pt too wide) has occurred while \output is active
 []  
 []

[4

 <./images/Bild2.png>]
<images/Potential_Field.png, id=166, 465.99094pt x 139.27031pt>
File: images/Potential_Field.png Graphic file (type png)
<use images/Potential_Field.png>
Package pdftex.def Info: images/Potential_Field.png  used on input line 152.
(pdftex.def)             Requested size: 298.75394pt x 89.29207pt.
File: HochschuleLogo.pdf Graphic file (type pdf)
<use HochschuleLogo.pdf>
Package pdftex.def Info: HochschuleLogo.pdf  used on input line 152.
(pdftex.def)             Requested size: 109.95436pt x 21.33955pt.

Overfull \hbox (28.97128pt too wide) has occurred while \output is active
 []  
 []

[5

 <./images/Potential_Field.png>]
<images/Bild3.png, id=174, 337.26pt x 271.76532pt>
File: images/Bild3.png Graphic file (type png)
<use images/Bild3.png>
Package pdftex.def Info: images/Bild3.png  used on input line 174.
(pdftex.def)             Requested size: 128.0374pt x 103.17236pt.
File: HochschuleLogo.pdf Graphic file (type pdf)
<use HochschuleLogo.pdf>
Package pdftex.def Info: HochschuleLogo.pdf  used on input line 174.
(pdftex.def)             Requested size: 109.95436pt x 21.33955pt.

Overfull \hbox (28.97128pt too wide) has occurred while \output is active
 []  
 []

[6

 <./images/Bild3.png>]
<images/Bild4.png, id=182, 329.73187pt x 221.32687pt>
File: images/Bild4.png Graphic file (type png)
<use images/Bild4.png>
Package pdftex.def Info: images/Bild4.png  used on input line 189.
(pdftex.def)             Requested size: 142.26378pt x 95.49289pt.
File: HochschuleLogo.pdf Graphic file (type pdf)
<use HochschuleLogo.pdf>
Package pdftex.def Info: HochschuleLogo.pdf  used on input line 189.
(pdftex.def)             Requested size: 109.95436pt x 21.33955pt.

Overfull \hbox (28.97128pt too wide) has occurred while \output is active
 []  
 []

[7

 <./images/Bild4.png>]
<images/kk_graph_S6.png, id=191, 721.94719pt x 336.50719pt>
File: images/kk_graph_S6.png Graphic file (type png)
<use images/kk_graph_S6.png>
Package pdftex.def Info: images/kk_graph_S6.png  used on input line 202.
(pdftex.def)             Requested size: 199.16928pt x 92.83499pt.
File: HochschuleLogo.pdf Graphic file (type pdf)
<use HochschuleLogo.pdf>
Package pdftex.def Info: HochschuleLogo.pdf  used on input line 202.
(pdftex.def)             Requested size: 109.95436pt x 21.33955pt.

Overfull \hbox (28.97128pt too wide) has occurred while \output is active
 []  
 []

[8

 <./images/kk_graph_S6.png>]
<images/Bild5.png, id=198, 414.04688pt x 205.5178pt>
File: images/Bild5.png Graphic file (type png)
<use images/Bild5.png>
Package pdftex.def Info: images/Bild5.png  used on input line 215.
(pdftex.def)             Requested size: 199.16928pt x 98.8638pt.
File: HochschuleLogo.pdf Graphic file (type pdf)
<use HochschuleLogo.pdf>
Package pdftex.def Info: HochschuleLogo.pdf  used on input line 215.
(pdftex.def)             Requested size: 109.95436pt x 21.33955pt.

Overfull \hbox (28.97128pt too wide) has occurred while \output is active
 []  
 []

[9

 <./images/Bild5.png>]
<images/mesh_with_path.png, id=206, 1104.125pt x 599.23875pt>
File: images/mesh_with_path.png Graphic file (type png)
<use images/mesh_with_path.png>
Package pdftex.def Info: images/mesh_with_path.png  used on input line 232.
(pdftex.def)             Requested size: 184.9429pt x 100.36967pt.
File: HochschuleLogo.pdf Graphic file (type pdf)
<use HochschuleLogo.pdf>
Package pdftex.def Info: HochschuleLogo.pdf  used on input line 232.
(pdftex.def)             Requested size: 109.95436pt x 21.33955pt.

Overfull \hbox (28.97128pt too wide) has occurred while \output is active
 []  
 []

[10

 <./images/mesh_with_path.png>]
<images/Grid_Tiles.png, id=214, 1647.15375pt x 536.0025pt>
File: images/Grid_Tiles.png Graphic file (type png)
<use images/Grid_Tiles.png>
Package pdftex.def Info: images/Grid_Tiles.png  used on input line 246.
(pdftex.def)             Requested size: 284.52756pt x 92.5832pt.
File: HochschuleLogo.pdf Graphic file (type pdf)
<use HochschuleLogo.pdf>
Package pdftex.def Info: HochschuleLogo.pdf  used on input line 246.
(pdftex.def)             Requested size: 109.95436pt x 21.33955pt.

Overfull \hbox (28.97128pt too wide) has occurred while \output is active
 []  
 []

[11

 <./images/Grid_Tiles.png>]
<images/Robot_Motion_Visibility_Graph.png, id=222, 377.91188pt x 209.28188pt>
File: images/Robot_Motion_Visibility_Graph.png Graphic file (type png)
<use images/Robot_Motion_Visibility_Graph.png>
Package pdftex.def Info: images/Robot_Motion_Visibility_Graph.png  used on inpu
t line 264.
(pdftex.def)             Requested size: 184.9429pt x 102.41808pt.
File: HochschuleLogo.pdf Graphic file (type pdf)
<use HochschuleLogo.pdf>
Package pdftex.def Info: HochschuleLogo.pdf  used on input line 264.
(pdftex.def)             Requested size: 109.95436pt x 21.33955pt.

Overfull \hbox (28.97128pt too wide) has occurred while \output is active
 []  
 []

[12

 <./images/Robot_Motion_Visibility_Graph.png>]
LaTeX Font Info:    Font shape `OT1/phv/b/it' in size <10.95> not available
(Font)              Font shape `OT1/phv/b/sl' tried instead on input line 284.
File: HochschuleLogo.pdf Graphic file (type pdf)
<use HochschuleLogo.pdf>
Package pdftex.def Info: HochschuleLogo.pdf  used on input line 284.
(pdftex.def)             Requested size: 109.95436pt x 21.33955pt.

Overfull \hbox (28.97128pt too wide) has occurred while \output is active
 []  
 []

[13

]
<images/img224.png, id=237, 908.10696pt x 296.39304pt>
File: images/img224.png Graphic file (type png)
<use images/img224.png>
Package pdftex.def Info: images/img224.png  used on input line 307.
(pdftex.def)             Requested size: 184.9429pt x 60.36298pt.
File: HochschuleLogo.pdf Graphic file (type pdf)
<use HochschuleLogo.pdf>
Package pdftex.def Info: HochschuleLogo.pdf  used on input line 307.
(pdftex.def)             Requested size: 109.95436pt x 21.33955pt.

Overfull \hbox (28.97128pt too wide) has occurred while \output is active
 []  
 []

[14

 <./images/img224.png>]
File: images/img224.png Graphic file (type png)
<use images/img224.png>
Package pdftex.def Info: images/img224.png  used on input line 307.
(pdftex.def)             Requested size: 184.9429pt x 60.36298pt.
File: HochschuleLogo.pdf Graphic file (type pdf)
<use HochschuleLogo.pdf>
Package pdftex.def Info: HochschuleLogo.pdf  used on input line 307.
(pdftex.def)             Requested size: 109.95436pt x 21.33955pt.

Overfull \hbox (28.97128pt too wide) has occurred while \output is active
 []  
 []

[15

]
File: images/img224.png Graphic file (type png)
<use images/img224.png>
Package pdftex.def Info: images/img224.png  used on input line 307.
(pdftex.def)             Requested size: 184.9429pt x 60.36298pt.
File: HochschuleLogo.pdf Graphic file (type pdf)
<use HochschuleLogo.pdf>
Package pdftex.def Info: HochschuleLogo.pdf  used on input line 307.
(pdftex.def)             Requested size: 109.95436pt x 21.33955pt.

Overfull \hbox (28.97128pt too wide) has occurred while \output is active
 []  
 []

[16

]
File: images/img224.png Graphic file (type png)
<use images/img224.png>
Package pdftex.def Info: images/img224.png  used on input line 307.
(pdftex.def)             Requested size: 184.9429pt x 60.36298pt.
File: HochschuleLogo.pdf Graphic file (type pdf)
<use HochschuleLogo.pdf>
Package pdftex.def Info: HochschuleLogo.pdf  used on input line 307.
(pdftex.def)             Requested size: 109.95436pt x 21.33955pt.

Overfull \hbox (28.97128pt too wide) has occurred while \output is active
 []  
 []

[17

]
File: images/img224.png Graphic file (type png)
<use images/img224.png>
Package pdftex.def Info: images/img224.png  used on input line 307.
(pdftex.def)             Requested size: 184.9429pt x 60.36298pt.
File: HochschuleLogo.pdf Graphic file (type pdf)
<use HochschuleLogo.pdf>
Package pdftex.def Info: HochschuleLogo.pdf  used on input line 307.
(pdftex.def)             Requested size: 109.95436pt x 21.33955pt.

Overfull \hbox (28.97128pt too wide) has occurred while \output is active
 []  
 []

[18

]
<images/img247.png, id=269, 1051.35643pt x 313.17pt>
File: images/img247.png Graphic file (type png)
<use images/img247.png>
Package pdftex.def Info: images/img247.png  used on input line 332.
(pdftex.def)             Requested size: 184.9429pt x 55.0875pt.
File: HochschuleLogo.pdf Graphic file (type pdf)
<use HochschuleLogo.pdf>
Package pdftex.def Info: HochschuleLogo.pdf  used on input line 332.
(pdftex.def)             Requested size: 109.95436pt x 21.33955pt.

Overfull \hbox (28.97128pt too wide) has occurred while \output is active
 []  
 []

[19

 <./images/img247.png>]
File: images/img247.png Graphic file (type png)
<use images/img247.png>
Package pdftex.def Info: images/img247.png  used on input line 332.
(pdftex.def)             Requested size: 184.9429pt x 55.0875pt.
File: HochschuleLogo.pdf Graphic file (type pdf)
<use HochschuleLogo.pdf>
Package pdftex.def Info: HochschuleLogo.pdf  used on input line 332.
(pdftex.def)             Requested size: 109.95436pt x 21.33955pt.

Overfull \hbox (28.97128pt too wide) has occurred while \output is active
 []  
 []

[20

]
File: images/img247.png Graphic file (type png)
<use images/img247.png>
Package pdftex.def Info: images/img247.png  used on input line 332.
(pdftex.def)             Requested size: 184.9429pt x 55.0875pt.
File: HochschuleLogo.pdf Graphic file (type pdf)
<use HochschuleLogo.pdf>
Package pdftex.def Info: HochschuleLogo.pdf  used on input line 332.
(pdftex.def)             Requested size: 109.95436pt x 21.33955pt.

Overfull \hbox (28.97128pt too wide) has occurred while \output is active
 []  
 []

[21

]
File: images/img247.png Graphic file (type png)
<use images/img247.png>
Package pdftex.def Info: images/img247.png  used on input line 332.
(pdftex.def)             Requested size: 184.9429pt x 55.0875pt.
File: HochschuleLogo.pdf Graphic file (type pdf)
<use HochschuleLogo.pdf>
Package pdftex.def Info: HochschuleLogo.pdf  used on input line 332.
(pdftex.def)             Requested size: 109.95436pt x 21.33955pt.

Overfull \hbox (28.97128pt too wide) has occurred while \output is active
 []  
 []

[22

]
File: images/img247.png Graphic file (type png)
<use images/img247.png>
Package pdftex.def Info: images/img247.png  used on input line 332.
(pdftex.def)             Requested size: 184.9429pt x 55.0875pt.
File: HochschuleLogo.pdf Graphic file (type pdf)
<use HochschuleLogo.pdf>
Package pdftex.def Info: HochschuleLogo.pdf  used on input line 332.
(pdftex.def)             Requested size: 109.95436pt x 21.33955pt.

Overfull \hbox (28.97128pt too wide) has occurred while \output is active
 []  
 []

[23

]
File: images/img247.png Graphic file (type png)
<use images/img247.png>
Package pdftex.def Info: images/img247.png  used on input line 332.
(pdftex.def)             Requested size: 184.9429pt x 55.0875pt.
File: HochschuleLogo.pdf Graphic file (type pdf)
<use HochschuleLogo.pdf>
Package pdftex.def Info: HochschuleLogo.pdf  used on input line 332.
(pdftex.def)             Requested size: 109.95436pt x 21.33955pt.

Overfull \hbox (28.97128pt too wide) has occurred while \output is active
 []  
 []

[24

]
<images/hierarchical.png, id=308, 669.78804pt x 497.28642pt>
File: images/hierarchical.png Graphic file (type png)
<use images/hierarchical.png>
Package pdftex.def Info: images/hierarchical.png  used on input line 356.
(pdftex.def)             Requested size: 184.9429pt x 137.3119pt.

Overfull \vbox (3.03822pt too high) detected at line 356
 []

File: HochschuleLogo.pdf Graphic file (type pdf)
<use HochschuleLogo.pdf>
Package pdftex.def Info: HochschuleLogo.pdf  used on input line 356.
(pdftex.def)             Requested size: 109.95436pt x 21.33955pt.

Overfull \hbox (28.97128pt too wide) has occurred while \output is active
 []  
 []

[25

 <./images/hierarchical.png>]
File: images/hierarchical.png Graphic file (type png)
<use images/hierarchical.png>
Package pdftex.def Info: images/hierarchical.png  used on input line 356.
(pdftex.def)             Requested size: 184.9429pt x 137.3119pt.

Overfull \vbox (3.03822pt too high) detected at line 356
 []

File: HochschuleLogo.pdf Graphic file (type pdf)
<use HochschuleLogo.pdf>
Package pdftex.def Info: HochschuleLogo.pdf  used on input line 356.
(pdftex.def)             Requested size: 109.95436pt x 21.33955pt.

Overfull \hbox (28.97128pt too wide) has occurred while \output is active
 []  
 []

[26

]
File: images/hierarchical.png Graphic file (type png)
<use images/hierarchical.png>
Package pdftex.def Info: images/hierarchical.png  used on input line 356.
(pdftex.def)             Requested size: 184.9429pt x 137.3119pt.

Overfull \vbox (3.03822pt too high) detected at line 356
 []

File: HochschuleLogo.pdf Graphic file (type pdf)
<use HochschuleLogo.pdf>
Package pdftex.def Info: HochschuleLogo.pdf  used on input line 356.
(pdftex.def)             Requested size: 109.95436pt x 21.33955pt.

Overfull \hbox (28.97128pt too wide) has occurred while \output is active
 []  
 []

[27

]
File: images/hierarchical.png Graphic file (type png)
<use images/hierarchical.png>
Package pdftex.def Info: images/hierarchical.png  used on input line 356.
(pdftex.def)             Requested size: 184.9429pt x 137.3119pt.

Overfull \vbox (3.03822pt too high) detected at line 356
 []

File: HochschuleLogo.pdf Graphic file (type pdf)
<use HochschuleLogo.pdf>
Package pdftex.def Info: HochschuleLogo.pdf  used on input line 356.
(pdftex.def)             Requested size: 109.95436pt x 21.33955pt.

Overfull \hbox (28.97128pt too wide) has occurred while \output is active
 []  
 []

[28

]
File: images/hierarchical.png Graphic file (type png)
<use images/hierarchical.png>
Package pdftex.def Info: images/hierarchical.png  used on input line 356.
(pdftex.def)             Requested size: 184.9429pt x 137.3119pt.

Overfull \vbox (3.03822pt too high) detected at line 356
 []

File: HochschuleLogo.pdf Graphic file (type pdf)
<use HochschuleLogo.pdf>
Package pdftex.def Info: HochschuleLogo.pdf  used on input line 356.
(pdftex.def)             Requested size: 109.95436pt x 21.33955pt.

Overfull \hbox (28.97128pt too wide) has occurred while \output is active
 []  
 []

[29

]
File: images/hierarchical.png Graphic file (type png)
<use images/hierarchical.png>
Package pdftex.def Info: images/hierarchical.png  used on input line 356.
(pdftex.def)             Requested size: 184.9429pt x 137.3119pt.

Overfull \vbox (3.03822pt too high) detected at line 356
 []

File: HochschuleLogo.pdf Graphic file (type pdf)
<use HochschuleLogo.pdf>
Package pdftex.def Info: HochschuleLogo.pdf  used on input line 356.
(pdftex.def)             Requested size: 109.95436pt x 21.33955pt.

Overfull \hbox (28.97128pt too wide) has occurred while \output is active
 []  
 []

[30

]
File: HochschuleLogo.pdf Graphic file (type pdf)
<use HochschuleLogo.pdf>
Package pdftex.def Info: HochschuleLogo.pdf  used on input line 375.
(pdftex.def)             Requested size: 109.95436pt x 21.33955pt.

Overfull \hbox (28.97128pt too wide) has occurred while \output is active
 []  
 []

[31

]
File: HochschuleLogo.pdf Graphic file (type pdf)
<use HochschuleLogo.pdf>
Package pdftex.def Info: HochschuleLogo.pdf  used on input line 375.
(pdftex.def)             Requested size: 109.95436pt x 21.33955pt.

Overfull \hbox (28.97128pt too wide) has occurred while \output is active
 []  
 []

[32

]
File: HochschuleLogo.pdf Graphic file (type pdf)
<use HochschuleLogo.pdf>
Package pdftex.def Info: HochschuleLogo.pdf  used on input line 375.
(pdftex.def)             Requested size: 109.95436pt x 21.33955pt.

Overfull \hbox (28.97128pt too wide) has occurred while \output is active
 []  
 []

[33

]
File: HochschuleLogo.pdf Graphic file (type pdf)
<use HochschuleLogo.pdf>
Package pdftex.def Info: HochschuleLogo.pdf  used on input line 375.
(pdftex.def)             Requested size: 109.95436pt x 21.33955pt.

Overfull \hbox (28.97128pt too wide) has occurred while \output is active
 []  
 []

[34

]
File: HochschuleLogo.pdf Graphic file (type pdf)
<use HochschuleLogo.pdf>
Package pdftex.def Info: HochschuleLogo.pdf  used on input line 375.
(pdftex.def)             Requested size: 109.95436pt x 21.33955pt.

Overfull \hbox (28.97128pt too wide) has occurred while \output is active
 []  
 []

[35

]
File: HochschuleLogo.pdf Graphic file (type pdf)
<use HochschuleLogo.pdf>
Package pdftex.def Info: HochschuleLogo.pdf  used on input line 375.
(pdftex.def)             Requested size: 109.95436pt x 21.33955pt.

Overfull \hbox (28.97128pt too wide) has occurred while \output is active
 []  
 []

[36

]
File: HochschuleLogo.pdf Graphic file (type pdf)
<use HochschuleLogo.pdf>
Package pdftex.def Info: HochschuleLogo.pdf  used on input line 395.
(pdftex.def)             Requested size: 109.95436pt x 21.33955pt.

Overfull \hbox (28.97128pt too wide) has occurred while \output is active
 []  
 []

[37

]
File: HochschuleLogo.pdf Graphic file (type pdf)
<use HochschuleLogo.pdf>
Package pdftex.def Info: HochschuleLogo.pdf  used on input line 395.
(pdftex.def)             Requested size: 109.95436pt x 21.33955pt.

Overfull \hbox (28.97128pt too wide) has occurred while \output is active
 []  
 []

[38

]
File: HochschuleLogo.pdf Graphic file (type pdf)
<use HochschuleLogo.pdf>
Package pdftex.def Info: HochschuleLogo.pdf  used on input line 395.
(pdftex.def)             Requested size: 109.95436pt x 21.33955pt.

Overfull \hbox (28.97128pt too wide) has occurred while \output is active
 []  
 []

[39

]
File: HochschuleLogo.pdf Graphic file (type pdf)
<use HochschuleLogo.pdf>
Package pdftex.def Info: HochschuleLogo.pdf  used on input line 395.
(pdftex.def)             Requested size: 109.95436pt x 21.33955pt.

Overfull \hbox (28.97128pt too wide) has occurred while \output is active
 []  
 []

[40

]
<images/img225.png, id=407, 574.71857pt x 511.48232pt>
File: images/img225.png Graphic file (type png)
<use images/img225.png>
Package pdftex.def Info: images/img225.png  used on input line 426.
(pdftex.def)             Requested size: 128.0374pt x 113.94688pt.

Overfull \hbox (8.5346pt too wide) in paragraph at lines 426--426
 [] 
 []

File: HochschuleLogo.pdf Graphic file (type pdf)
<use HochschuleLogo.pdf>
Package pdftex.def Info: HochschuleLogo.pdf  used on input line 426.
(pdftex.def)             Requested size: 109.95436pt x 21.33955pt.

Overfull \hbox (28.97128pt too wide) has occurred while \output is active
 []  
 []

[41

 <./images/img225.png>]
File: HochschuleLogo.pdf Graphic file (type pdf)
<use HochschuleLogo.pdf>
Package pdftex.def Info: HochschuleLogo.pdf  used on input line 465.
(pdftex.def)             Requested size: 109.95436pt x 21.33955pt.

Overfull \hbox (28.97128pt too wide) has occurred while \output is active
 []  
 []

[42

]
File: HochschuleLogo.pdf Graphic file (type pdf)
<use HochschuleLogo.pdf>
Package pdftex.def Info: HochschuleLogo.pdf  used on input line 465.
(pdftex.def)             Requested size: 109.95436pt x 21.33955pt.

Overfull \hbox (28.97128pt too wide) has occurred while \output is active
 []  
 []

[43

]
File: HochschuleLogo.pdf Graphic file (type pdf)
<use HochschuleLogo.pdf>
Package pdftex.def Info: HochschuleLogo.pdf  used on input line 465.
(pdftex.def)             Requested size: 109.95436pt x 21.33955pt.

Overfull \hbox (28.97128pt too wide) has occurred while \output is active
 []  
 []

[44

]
File: HochschuleLogo.pdf Graphic file (type pdf)
<use HochschuleLogo.pdf>
Package pdftex.def Info: HochschuleLogo.pdf  used on input line 465.
(pdftex.def)             Requested size: 109.95436pt x 21.33955pt.

Overfull \hbox (28.97128pt too wide) has occurred while \output is active
 []  
 []

[45

]
File: HochschuleLogo.pdf Graphic file (type pdf)
<use HochschuleLogo.pdf>
Package pdftex.def Info: HochschuleLogo.pdf  used on input line 465.
(pdftex.def)             Requested size: 109.95436pt x 21.33955pt.

Overfull \hbox (28.97128pt too wide) has occurred while \output is active
 []  
 []

[46

]
File: HochschuleLogo.pdf Graphic file (type pdf)
<use HochschuleLogo.pdf>
Package pdftex.def Info: HochschuleLogo.pdf  used on input line 465.
(pdftex.def)             Requested size: 109.95436pt x 21.33955pt.

Overfull \hbox (28.97128pt too wide) has occurred while \output is active
 []  
 []

[47

]
File: HochschuleLogo.pdf Graphic file (type pdf)
<use HochschuleLogo.pdf>
Package pdftex.def Info: HochschuleLogo.pdf  used on input line 465.
(pdftex.def)             Requested size: 109.95436pt x 21.33955pt.

Overfull \hbox (28.97128pt too wide) has occurred while \output is active
 []  
 []

[48

]
File: HochschuleLogo.pdf Graphic file (type pdf)
<use HochschuleLogo.pdf>
Package pdftex.def Info: HochschuleLogo.pdf  used on input line 483.
(pdftex.def)             Requested size: 109.95436pt x 21.33955pt.

Overfull \hbox (28.97128pt too wide) has occurred while \output is active
 []  
 []

[49

]
<images/img233.png, id=466, 346.29375pt x 410.2828pt>
File: images/img233.png Graphic file (type png)
<use images/img233.png>
Package pdftex.def Info: images/img233.png  used on input line 503.
(pdftex.def)             Requested size: 113.81102pt x 134.83656pt.


LaTeX Warning: Citation `Lav06' on page 50 undefined on input line 503.


LaTeX Warning: Citation `Lav06' on page 50 undefined on input line 503.


Overfull \vbox (10.96288pt too high) detected at line 503
 []

File: HochschuleLogo.pdf Graphic file (type pdf)
<use HochschuleLogo.pdf>
Package pdftex.def Info: HochschuleLogo.pdf  used on input line 503.
(pdftex.def)             Requested size: 109.95436pt x 21.33955pt.

Overfull \hbox (28.97128pt too wide) has occurred while \output is active
 []  
 []

[50

 <./images/img233.png>]
File: HochschuleLogo.pdf Graphic file (type pdf)
<use HochschuleLogo.pdf>
Package pdftex.def Info: HochschuleLogo.pdf  used on input line 526.
(pdftex.def)             Requested size: 109.95436pt x 21.33955pt.

Overfull \hbox (28.97128pt too wide) has occurred while \output is active
 []  
 []

[51

]
<images/img229_a.png, id=480, 341.47575pt x 317.988pt>
File: images/img229_a.png Graphic file (type png)
<use images/img229_a.png>
Package pdftex.def Info: images/img229_a.png  used on input line 547.
(pdftex.def)             Requested size: 128.0374pt x 119.23064pt.
File: HochschuleLogo.pdf Graphic file (type pdf)
<use HochschuleLogo.pdf>
Package pdftex.def Info: HochschuleLogo.pdf  used on input line 547.
(pdftex.def)             Requested size: 109.95436pt x 21.33955pt.

Overfull \hbox (28.97128pt too wide) has occurred while \output is active
 []  
 []

[52

 <./images/img229_a.png>]
<images/Civ5.png, id=487, 492.03825pt x 280.04625pt>
File: images/Civ5.png Graphic file (type png)
<use images/Civ5.png>
Package pdftex.def Info: images/Civ5.png  used on input line 566.
(pdftex.def)             Requested size: 170.71652pt x 97.16301pt.
File: HochschuleLogo.pdf Graphic file (type pdf)
<use HochschuleLogo.pdf>
Package pdftex.def Info: HochschuleLogo.pdf  used on input line 566.
(pdftex.def)             Requested size: 109.95436pt x 21.33955pt.

Overfull \hbox (28.97128pt too wide) has occurred while \output is active
 []  
 []

[53

 <./images/Civ5.png>]
<images/img231.png, id=494, 502.87875pt x 214.55156pt>
File: images/img231.png Graphic file (type png)
<use images/img231.png>
Package pdftex.def Info: images/img231.png  used on input line 585.
(pdftex.def)             Requested size: 170.71652pt x 72.83525pt.
File: HochschuleLogo.pdf Graphic file (type pdf)
<use HochschuleLogo.pdf>
Package pdftex.def Info: HochschuleLogo.pdf  used on input line 585.
(pdftex.def)             Requested size: 109.95436pt x 21.33955pt.

Overfull \hbox (28.97128pt too wide) has occurred while \output is active
 []  
 []

[54

 <./images/img231.png>]
<images/img239.png, id=501, 186.6975pt x 144.54pt>
File: images/img239.png Graphic file (type png)
<use images/img239.png>
Package pdftex.def Info: images/img239.png  used on input line 612.
(pdftex.def)             Requested size: 170.71652pt x 132.17339pt.

Overfull \hbox (11.38353pt too wide) in paragraph at lines 612--612
 [] 
 []

File: HochschuleLogo.pdf Graphic file (type pdf)
<use HochschuleLogo.pdf>
Package pdftex.def Info: HochschuleLogo.pdf  used on input line 612.
(pdftex.def)             Requested size: 109.95436pt x 21.33955pt.

Overfull \hbox (28.97128pt too wide) has occurred while \output is active
 []  
 []

[55

 <./images/img239.png>]
File: HochschuleLogo.pdf Graphic file (type pdf)
<use HochschuleLogo.pdf>
Package pdftex.def Info: HochschuleLogo.pdf  used on input line 620.
(pdftex.def)             Requested size: 109.95436pt x 21.33955pt.

Overfull \hbox (28.97128pt too wide) has occurred while \output is active
 []  
 []

[56

]
File: HochschuleLogo.pdf Graphic file (type pdf)
<use HochschuleLogo.pdf>
Package pdftex.def Info: HochschuleLogo.pdf  used on input line 624.
(pdftex.def)             Requested size: 109.95436pt x 21.33955pt.

Overfull \hbox (28.97128pt too wide) has occurred while \output is active
 []  
 []

[57

]
File: HochschuleLogo.pdf Graphic file (type pdf)
<use HochschuleLogo.pdf>
Package pdftex.def Info: HochschuleLogo.pdf  used on input line 629.
(pdftex.def)             Requested size: 109.95436pt x 21.33955pt.

Overfull \hbox (28.97128pt too wide) has occurred while \output is active
 []  
 []

[58

]
File: HochschuleLogo.pdf Graphic file (type pdf)
<use HochschuleLogo.pdf>
Package pdftex.def Info: HochschuleLogo.pdf  used on input line 635.
(pdftex.def)             Requested size: 109.95436pt x 21.33955pt.

Overfull \hbox (28.97128pt too wide) has occurred while \output is active
 []  
 []

[59

]
File: HochschuleLogo.pdf Graphic file (type pdf)
<use HochschuleLogo.pdf>
Package pdftex.def Info: HochschuleLogo.pdf  used on input line 654.
(pdftex.def)             Requested size: 109.95436pt x 21.33955pt.

Overfull \hbox (28.97128pt too wide) has occurred while \output is active
 []  
 []

[60

]
File: HochschuleLogo.pdf Graphic file (type pdf)
<use HochschuleLogo.pdf>
Package pdftex.def Info: HochschuleLogo.pdf  used on input line 663.
(pdftex.def)             Requested size: 109.95436pt x 21.33955pt.

Overfull \hbox (28.97128pt too wide) has occurred while \output is active
 []  
 []

[61

]
File: HochschuleLogo.pdf Graphic file (type pdf)
<use HochschuleLogo.pdf>
Package pdftex.def Info: HochschuleLogo.pdf  used on input line 663.
(pdftex.def)             Requested size: 109.95436pt x 21.33955pt.

Overfull \hbox (28.97128pt too wide) has occurred while \output is active
 []  
 []

[62

]
File: HochschuleLogo.pdf Graphic file (type pdf)
<use HochschuleLogo.pdf>
Package pdftex.def Info: HochschuleLogo.pdf  used on input line 663.
(pdftex.def)             Requested size: 109.95436pt x 21.33955pt.

Overfull \hbox (28.97128pt too wide) has occurred while \output is active
 []  
 []

[63

]
File: HochschuleLogo.pdf Graphic file (type pdf)
<use HochschuleLogo.pdf>
Package pdftex.def Info: HochschuleLogo.pdf  used on input line 681.
(pdftex.def)             Requested size: 99.58464pt x 19.32582pt.
File: HochschuleLogo.pdf Graphic file (type pdf)
<use HochschuleLogo.pdf>
Package pdftex.def Info: HochschuleLogo.pdf  used on input line 681.
(pdftex.def)             Requested size: 99.58464pt x 19.32582pt.

Overfull \vbox (4.71504pt too high) detected at line 681
 []

File: HochschuleLogo.pdf Graphic file (type pdf)
<use HochschuleLogo.pdf>
Package pdftex.def Info: HochschuleLogo.pdf  used on input line 681.
(pdftex.def)             Requested size: 109.95436pt x 21.33955pt.

Overfull \hbox (28.97128pt too wide) has occurred while \output is active
 []  
 []

[64

]
LaTeX Font Info:    Trying to load font information for U+euf on input line 686
.

("C:\Users\simon\AppData\Local\Programs\MiKTeX 2.9\tex/latex/amsfonts\ueuf.fd"
File: ueuf.fd 2013/01/14 v3.01 Euler Fraktur
)
File: HochschuleLogo.pdf Graphic file (type pdf)
<use HochschuleLogo.pdf>
Package pdftex.def Info: HochschuleLogo.pdf  used on input line 686.
(pdftex.def)             Requested size: 109.95436pt x 21.33955pt.

Overfull \hbox (28.97128pt too wide) has occurred while \output is active
 []  
 []

[65

]
File: HochschuleLogo.pdf Graphic file (type pdf)
<use HochschuleLogo.pdf>
Package pdftex.def Info: HochschuleLogo.pdf  used on input line 699.
(pdftex.def)             Requested size: 109.95436pt x 21.33955pt.

Overfull \hbox (28.97128pt too wide) has occurred while \output is active
 []  
 []

[66

]
File: HochschuleLogo.pdf Graphic file (type pdf)
<use HochschuleLogo.pdf>
Package pdftex.def Info: HochschuleLogo.pdf  used on input line 709.
(pdftex.def)             Requested size: 109.95436pt x 21.33955pt.

Overfull \hbox (28.97128pt too wide) has occurred while \output is active
 []  
 []

[67

]
File: HochschuleLogo.pdf Graphic file (type pdf)
<use HochschuleLogo.pdf>
Package pdftex.def Info: HochschuleLogo.pdf  used on input line 709.
(pdftex.def)             Requested size: 109.95436pt x 21.33955pt.

Overfull \hbox (28.97128pt too wide) has occurred while \output is active
 []  
 []

[68


]
\openout4 = `tutorial.vrb'.

 (tutorial.vrb
LaTeX Font Info:    Trying to load font information for OT1+pcr on input line 2
.

("C:\Users\simon\AppData\Local\Programs\MiKTeX 2.9\tex/latex/psnfss\ot1pcr.fd"
File: ot1pcr.fd 2001/06/04 font definitions for OT1/pcr.
))
File: HochschuleLogo.pdf Graphic file (type pdf)
<use HochschuleLogo.pdf>
Package pdftex.def Info: HochschuleLogo.pdf  used on input line 721.
(pdftex.def)             Requested size: 109.95436pt x 21.33955pt.

Overfull \hbox (28.97128pt too wide) has occurred while \output is active
 []  
 []

[69

]
File: HochschuleLogo.pdf Graphic file (type pdf)
<use HochschuleLogo.pdf>
Package pdftex.def Info: HochschuleLogo.pdf  used on input line 733.
(pdftex.def)             Requested size: 109.95436pt x 21.33955pt.

Overfull \hbox (28.97128pt too wide) has occurred while \output is active
 []  
 []

[70

]
File: HochschuleLogo.pdf Graphic file (type pdf)
<use HochschuleLogo.pdf>
Package pdftex.def Info: HochschuleLogo.pdf  used on input line 733.
(pdftex.def)             Requested size: 109.95436pt x 21.33955pt.

Overfull \hbox (28.97128pt too wide) has occurred while \output is active
 []  
 []

[71

]
File: HochschuleLogo.pdf Graphic file (type pdf)
<use HochschuleLogo.pdf>
Package pdftex.def Info: HochschuleLogo.pdf  used on input line 743.
(pdftex.def)             Requested size: 109.95436pt x 21.33955pt.

Overfull \hbox (28.97128pt too wide) has occurred while \output is active
 []  
 []

[72

]
File: HochschuleLogo.pdf Graphic file (type pdf)
<use HochschuleLogo.pdf>
Package pdftex.def Info: HochschuleLogo.pdf  used on input line 743.
(pdftex.def)             Requested size: 109.95436pt x 21.33955pt.

Overfull \hbox (28.97128pt too wide) has occurred while \output is active
 []  
 []

[73

]
File: HochschuleLogo.pdf Graphic file (type pdf)
<use HochschuleLogo.pdf>
Package pdftex.def Info: HochschuleLogo.pdf  used on input line 743.
(pdftex.def)             Requested size: 109.95436pt x 21.33955pt.

Overfull \hbox (28.97128pt too wide) has occurred while \output is active
 []  
 []

[74

]
File: HochschuleLogo.pdf Graphic file (type pdf)
<use HochschuleLogo.pdf>
Package pdftex.def Info: HochschuleLogo.pdf  used on input line 743.
(pdftex.def)             Requested size: 109.95436pt x 21.33955pt.

Overfull \hbox (28.97128pt too wide) has occurred while \output is active
 []  
 []

[75

]
File: HochschuleLogo.pdf Graphic file (type pdf)
<use HochschuleLogo.pdf>
Package pdftex.def Info: HochschuleLogo.pdf  used on input line 752.
(pdftex.def)             Requested size: 109.95436pt x 21.33955pt.

Overfull \hbox (28.97128pt too wide) has occurred while \output is active
 []  
 []

[76

]
File: HochschuleLogo.pdf Graphic file (type pdf)
<use HochschuleLogo.pdf>
Package pdftex.def Info: HochschuleLogo.pdf  used on input line 752.
(pdftex.def)             Requested size: 109.95436pt x 21.33955pt.

Overfull \hbox (28.97128pt too wide) has occurred while \output is active
 []  
 []

[77

]
File: HochschuleLogo.pdf Graphic file (type pdf)
<use HochschuleLogo.pdf>
Package pdftex.def Info: HochschuleLogo.pdf  used on input line 752.
(pdftex.def)             Requested size: 109.95436pt x 21.33955pt.

Overfull \hbox (28.97128pt too wide) has occurred while \output is active
 []  
 []

[78

]
File: HochschuleLogo.pdf Graphic file (type pdf)
<use HochschuleLogo.pdf>
Package pdftex.def Info: HochschuleLogo.pdf  used on input line 752.
(pdftex.def)             Requested size: 109.95436pt x 21.33955pt.

Overfull \hbox (28.97128pt too wide) has occurred while \output is active
 []  
 []

[79

]
File: HochschuleLogo.pdf Graphic file (type pdf)
<use HochschuleLogo.pdf>
Package pdftex.def Info: HochschuleLogo.pdf  used on input line 761.
(pdftex.def)             Requested size: 109.95436pt x 21.33955pt.

Overfull \hbox (28.97128pt too wide) has occurred while \output is active
 []  
 []

[80

]
File: HochschuleLogo.pdf Graphic file (type pdf)
<use HochschuleLogo.pdf>
Package pdftex.def Info: HochschuleLogo.pdf  used on input line 761.
(pdftex.def)             Requested size: 109.95436pt x 21.33955pt.

Overfull \hbox (28.97128pt too wide) has occurred while \output is active
 []  
 []

[81

]
File: HochschuleLogo.pdf Graphic file (type pdf)
<use HochschuleLogo.pdf>
Package pdftex.def Info: HochschuleLogo.pdf  used on input line 761.
(pdftex.def)             Requested size: 109.95436pt x 21.33955pt.

Overfull \hbox (28.97128pt too wide) has occurred while \output is active
 []  
 []

[82

]
File: HochschuleLogo.pdf Graphic file (type pdf)
<use HochschuleLogo.pdf>
Package pdftex.def Info: HochschuleLogo.pdf  used on input line 761.
(pdftex.def)             Requested size: 109.95436pt x 21.33955pt.

Overfull \hbox (28.97128pt too wide) has occurred while \output is active
 []  
 []

[83

]
File: HochschuleLogo.pdf Graphic file (type pdf)
<use HochschuleLogo.pdf>
Package pdftex.def Info: HochschuleLogo.pdf  used on input line 761.
(pdftex.def)             Requested size: 109.95436pt x 21.33955pt.

Overfull \hbox (28.97128pt too wide) has occurred while \output is active
 []  
 []

[84

]
File: HochschuleLogo.pdf Graphic file (type pdf)
<use HochschuleLogo.pdf>
Package pdftex.def Info: HochschuleLogo.pdf  used on input line 778.
(pdftex.def)             Requested size: 109.95436pt x 21.33955pt.

Overfull \hbox (28.97128pt too wide) has occurred while \output is active
 []  
 []

[85

]
File: HochschuleLogo.pdf Graphic file (type pdf)
<use HochschuleLogo.pdf>
Package pdftex.def Info: HochschuleLogo.pdf  used on input line 778.
(pdftex.def)             Requested size: 109.95436pt x 21.33955pt.

Overfull \hbox (28.97128pt too wide) has occurred while \output is active
 []  
 []

[86

]
File: HochschuleLogo.pdf Graphic file (type pdf)
<use HochschuleLogo.pdf>
Package pdftex.def Info: HochschuleLogo.pdf  used on input line 778.
(pdftex.def)             Requested size: 109.95436pt x 21.33955pt.

Overfull \hbox (28.97128pt too wide) has occurred while \output is active
 []  
 []

[87

]
File: HochschuleLogo.pdf Graphic file (type pdf)
<use HochschuleLogo.pdf>
Package pdftex.def Info: HochschuleLogo.pdf  used on input line 778.
(pdftex.def)             Requested size: 109.95436pt x 21.33955pt.

Overfull \hbox (28.97128pt too wide) has occurred while \output is active
 []  
 []

[88

]
File: HochschuleLogo.pdf Graphic file (type pdf)
<use HochschuleLogo.pdf>
Package pdftex.def Info: HochschuleLogo.pdf  used on input line 778.
(pdftex.def)             Requested size: 109.95436pt x 21.33955pt.

Overfull \hbox (28.97128pt too wide) has occurred while \output is active
 []  
 []

[89

]
File: HochschuleLogo.pdf Graphic file (type pdf)
<use HochschuleLogo.pdf>
Package pdftex.def Info: HochschuleLogo.pdf  used on input line 778.
(pdftex.def)             Requested size: 109.95436pt x 21.33955pt.

Overfull \hbox (28.97128pt too wide) has occurred while \output is active
 []  
 []

[90

]
File: HochschuleLogo.pdf Graphic file (type pdf)
<use HochschuleLogo.pdf>
Package pdftex.def Info: HochschuleLogo.pdf  used on input line 804.
(pdftex.def)             Requested size: 109.95436pt x 21.33955pt.

Overfull \hbox (28.97128pt too wide) has occurred while \output is active
 []  
 []

[91

]
File: HochschuleLogo.pdf Graphic file (type pdf)
<use HochschuleLogo.pdf>
Package pdftex.def Info: HochschuleLogo.pdf  used on input line 804.
(pdftex.def)             Requested size: 109.95436pt x 21.33955pt.

Overfull \hbox (28.97128pt too wide) has occurred while \output is active
 []  
 []

[92

]
File: HochschuleLogo.pdf Graphic file (type pdf)
<use HochschuleLogo.pdf>
Package pdftex.def Info: HochschuleLogo.pdf  used on input line 804.
(pdftex.def)             Requested size: 109.95436pt x 21.33955pt.

Overfull \hbox (28.97128pt too wide) has occurred while \output is active
 []  
 []

[93

]
File: HochschuleLogo.pdf Graphic file (type pdf)
<use HochschuleLogo.pdf>
Package pdftex.def Info: HochschuleLogo.pdf  used on input line 804.
(pdftex.def)             Requested size: 109.95436pt x 21.33955pt.

Overfull \hbox (28.97128pt too wide) has occurred while \output is active
 []  
 []

[94

]
File: HochschuleLogo.pdf Graphic file (type pdf)
<use HochschuleLogo.pdf>
Package pdftex.def Info: HochschuleLogo.pdf  used on input line 804.
(pdftex.def)             Requested size: 109.95436pt x 21.33955pt.

Overfull \hbox (28.97128pt too wide) has occurred while \output is active
 []  
 []

[95

]
File: HochschuleLogo.pdf Graphic file (type pdf)
<use HochschuleLogo.pdf>
Package pdftex.def Info: HochschuleLogo.pdf  used on input line 804.
(pdftex.def)             Requested size: 109.95436pt x 21.33955pt.

Overfull \hbox (28.97128pt too wide) has occurred while \output is active
 []  
 []

[96

]
File: HochschuleLogo.pdf Graphic file (type pdf)
<use HochschuleLogo.pdf>
Package pdftex.def Info: HochschuleLogo.pdf  used on input line 804.
(pdftex.def)             Requested size: 109.95436pt x 21.33955pt.

Overfull \hbox (28.97128pt too wide) has occurred while \output is active
 []  
 []

[97

]
File: HochschuleLogo.pdf Graphic file (type pdf)
<use HochschuleLogo.pdf>
Package pdftex.def Info: HochschuleLogo.pdf  used on input line 804.
(pdftex.def)             Requested size: 109.95436pt x 21.33955pt.

Overfull \hbox (28.97128pt too wide) has occurred while \output is active
 []  
 []

[98

]
File: HochschuleLogo.pdf Graphic file (type pdf)
<use HochschuleLogo.pdf>
Package pdftex.def Info: HochschuleLogo.pdf  used on input line 817.
(pdftex.def)             Requested size: 109.95436pt x 21.33955pt.

Overfull \hbox (28.97128pt too wide) has occurred while \output is active
 []  
 []

[99

]
File: HochschuleLogo.pdf Graphic file (type pdf)
<use HochschuleLogo.pdf>
Package pdftex.def Info: HochschuleLogo.pdf  used on input line 817.
(pdftex.def)             Requested size: 109.95436pt x 21.33955pt.

Overfull \hbox (28.97128pt too wide) has occurred while \output is active
 []  
 []

[100

]
File: HochschuleLogo.pdf Graphic file (type pdf)
<use HochschuleLogo.pdf>
Package pdftex.def Info: HochschuleLogo.pdf  used on input line 817.
(pdftex.def)             Requested size: 109.95436pt x 21.33955pt.

Overfull \hbox (28.97128pt too wide) has occurred while \output is active
 []  
 []

[101

]
File: HochschuleLogo.pdf Graphic file (type pdf)
<use HochschuleLogo.pdf>
Package pdftex.def Info: HochschuleLogo.pdf  used on input line 817.
(pdftex.def)             Requested size: 109.95436pt x 21.33955pt.

Overfull \hbox (28.97128pt too wide) has occurred while \output is active
 []  
 []

[102

]
Overfull \vbox (2.65pt too high) detected at line 831
 []

File: HochschuleLogo.pdf Graphic file (type pdf)
<use HochschuleLogo.pdf>
Package pdftex.def Info: HochschuleLogo.pdf  used on input line 831.
(pdftex.def)             Requested size: 109.95436pt x 21.33955pt.

Overfull \hbox (28.97128pt too wide) has occurred while \output is active
 []  
 []

[103

]
Overfull \vbox (2.65pt too high) detected at line 831
 []

File: HochschuleLogo.pdf Graphic file (type pdf)
<use HochschuleLogo.pdf>
Package pdftex.def Info: HochschuleLogo.pdf  used on input line 831.
(pdftex.def)             Requested size: 109.95436pt x 21.33955pt.

Overfull \hbox (28.97128pt too wide) has occurred while \output is active
 []  
 []

[104

]
Overfull \vbox (2.65pt too high) detected at line 831
 []

File: HochschuleLogo.pdf Graphic file (type pdf)
<use HochschuleLogo.pdf>
Package pdftex.def Info: HochschuleLogo.pdf  used on input line 831.
(pdftex.def)             Requested size: 109.95436pt x 21.33955pt.

Overfull \hbox (28.97128pt too wide) has occurred while \output is active
 []  
 []

[105

]
Overfull \vbox (2.65pt too high) detected at line 831
 []

File: HochschuleLogo.pdf Graphic file (type pdf)
<use HochschuleLogo.pdf>
Package pdftex.def Info: HochschuleLogo.pdf  used on input line 831.
(pdftex.def)             Requested size: 109.95436pt x 21.33955pt.

Overfull \hbox (28.97128pt too wide) has occurred while \output is active
 []  
 []

[106

]
File: HochschuleLogo.pdf Graphic file (type pdf)
<use HochschuleLogo.pdf>
Package pdftex.def Info: HochschuleLogo.pdf  used on input line 843.
(pdftex.def)             Requested size: 109.95436pt x 21.33955pt.

Overfull \hbox (28.97128pt too wide) has occurred while \output is active
 []  
 []

[107

]
File: HochschuleLogo.pdf Graphic file (type pdf)
<use HochschuleLogo.pdf>
Package pdftex.def Info: HochschuleLogo.pdf  used on input line 843.
(pdftex.def)             Requested size: 109.95436pt x 21.33955pt.

Overfull \hbox (28.97128pt too wide) has occurred while \output is active
 []  
 []

[108

]
File: HochschuleLogo.pdf Graphic file (type pdf)
<use HochschuleLogo.pdf>
Package pdftex.def Info: HochschuleLogo.pdf  used on input line 843.
(pdftex.def)             Requested size: 109.95436pt x 21.33955pt.

Overfull \hbox (28.97128pt too wide) has occurred while \output is active
 []  
 []

[109

]
File: HochschuleLogo.pdf Graphic file (type pdf)
<use HochschuleLogo.pdf>
Package pdftex.def Info: HochschuleLogo.pdf  used on input line 843.
(pdftex.def)             Requested size: 109.95436pt x 21.33955pt.

Overfull \hbox (28.97128pt too wide) has occurred while \output is active
 []  
 []

[110

]
File: HochschuleLogo.pdf Graphic file (type pdf)
<use HochschuleLogo.pdf>
Package pdftex.def Info: HochschuleLogo.pdf  used on input line 868.
(pdftex.def)             Requested size: 109.95436pt x 21.33955pt.

Overfull \hbox (28.97128pt too wide) has occurred while \output is active
 []  
 []

[111

]
File: HochschuleLogo.pdf Graphic file (type pdf)
<use HochschuleLogo.pdf>
Package pdftex.def Info: HochschuleLogo.pdf  used on input line 868.
(pdftex.def)             Requested size: 109.95436pt x 21.33955pt.

Overfull \hbox (28.97128pt too wide) has occurred while \output is active
 []  
 []

[112

]
File: HochschuleLogo.pdf Graphic file (type pdf)
<use HochschuleLogo.pdf>
Package pdftex.def Info: HochschuleLogo.pdf  used on input line 868.
(pdftex.def)             Requested size: 109.95436pt x 21.33955pt.

Overfull \hbox (28.97128pt too wide) has occurred while \output is active
 []  
 []

[113

]
File: HochschuleLogo.pdf Graphic file (type pdf)
<use HochschuleLogo.pdf>
Package pdftex.def Info: HochschuleLogo.pdf  used on input line 868.
(pdftex.def)             Requested size: 109.95436pt x 21.33955pt.

Overfull \hbox (28.97128pt too wide) has occurred while \output is active
 []  
 []

[114

]
File: HochschuleLogo.pdf Graphic file (type pdf)
<use HochschuleLogo.pdf>
Package pdftex.def Info: HochschuleLogo.pdf  used on input line 868.
(pdftex.def)             Requested size: 109.95436pt x 21.33955pt.

Overfull \hbox (28.97128pt too wide) has occurred while \output is active
 []  
 []

[115

]
File: HochschuleLogo.pdf Graphic file (type pdf)
<use HochschuleLogo.pdf>
Package pdftex.def Info: HochschuleLogo.pdf  used on input line 868.
(pdftex.def)             Requested size: 109.95436pt x 21.33955pt.

Overfull \hbox (28.97128pt too wide) has occurred while \output is active
 []  
 []

[116

]
File: HochschuleLogo.pdf Graphic file (type pdf)
<use HochschuleLogo.pdf>
Package pdftex.def Info: HochschuleLogo.pdf  used on input line 868.
(pdftex.def)             Requested size: 109.95436pt x 21.33955pt.

Overfull \hbox (28.97128pt too wide) has occurred while \output is active
 []  
 []

[117

]
File: HochschuleLogo.pdf Graphic file (type pdf)
<use HochschuleLogo.pdf>
Package pdftex.def Info: HochschuleLogo.pdf  used on input line 878.
(pdftex.def)             Requested size: 109.95436pt x 21.33955pt.

Overfull \hbox (28.97128pt too wide) has occurred while \output is active
 []  
 []

[118

] (tutorial.bbl)
File: HochschuleLogo.pdf Graphic file (type pdf)
<use HochschuleLogo.pdf>
Package pdftex.def Info: HochschuleLogo.pdf  used on input line 882.
(pdftex.def)             Requested size: 109.95436pt x 21.33955pt.

Overfull \hbox (28.97128pt too wide) has occurred while \output is active
 []  
 []

[119

]
\tf@nav=\write6
\openout6 = `tutorial.nav'.

\tf@toc=\write7
\openout7 = `tutorial.toc'.

\tf@snm=\write8
\openout8 = `tutorial.snm'.

Package atveryend Info: Empty hook `BeforeClearDocument' on input line 885.
Package atveryend Info: Empty hook `AfterLastShipout' on input line 885.
 (tutorial.aux)
Package atveryend Info: Executing hook `AtVeryEndDocument' on input line 885.
Package atveryend Info: Executing hook `AtEndAfterFileList' on input line 885.
Package rerunfilecheck Info: File `tutorial.out' has not changed.
(rerunfilecheck)             Checksum: 49D6C13BF82C928B92CEA34F398B51EC;1276.


LaTeX Warning: There were undefined references.

 ) 
Here is how much of TeX's memory you used:
 25818 strings out of 480795
 508006 string characters out of 2895571
 1045226 words of memory out of 3000000
 40916 multiletter control sequences out of 15000+200000
 568541 words of font info for 93 fonts, out of 3000000 for 9000
 1141 hyphenation exceptions out of 8191
 58i,18n,82p,777b,1284s stack positions out of 5000i,500n,10000p,200000b,50000s
{C:/Users/simon/AppData/Local/Programs/MiKTeX 2.9/fonts/enc/dvips/base/8r.enc
}<C:/Users/simon/AppData/Local/Programs/MiKTeX 2.9/fonts/type1/public/amsfonts/
cm/cmmi10.pfb><C:/Users/simon/AppData/Local/Programs/MiKTeX 2.9/fonts/type1/pub
lic/amsfonts/cm/cmr10.pfb><C:/Users/simon/AppData/Local/Programs/MiKTeX 2.9/fon
ts/type1/public/amsfonts/cm/cmr8.pfb><C:/Users/simon/AppData/Local/Programs/MiK
TeX 2.9/fonts/type1/public/amsfonts/cm/cmss10.pfb><C:/Users/simon/AppData/Local
/Programs/MiKTeX 2.9/fonts/type1/public/amsfonts/cm/cmss8.pfb><C:/Users/simon/A
ppData/Local/Programs/MiKTeX 2.9/fonts/type1/public/amsfonts/cm/cmsy10.pfb><C:/
Users/simon/AppData/Local/Programs/MiKTeX 2.9/fonts/type1/public/amsfonts/cm/cm
sy6.pfb><C:/Users/simon/AppData/Local/Programs/MiKTeX 2.9/fonts/type1/public/am
sfonts/euler/eufm10.pfb><C:/Users/simon/AppData/Local/Programs/MiKTeX 2.9/fonts
/type1/public/amsfonts/symbols/msbm10.pfb><C:/Users/simon/AppData/Local/Program
s/MiKTeX 2.9/fonts/type1/urw/courier/ucrb8a.pfb><C:/Users/simon/AppData/Local/P
rograms/MiKTeX 2.9/fonts/type1/urw/courier/ucrr8a.pfb><C:/Users/simon/AppData/L
ocal/Programs/MiKTeX 2.9/fonts/type1/urw/helvetic/uhvb8a.pfb><C:/Users/simon/Ap
pData/Local/Programs/MiKTeX 2.9/fonts/type1/urw/helvetic/uhvbo8a.pfb><C:/Users/
simon/AppData/Local/Programs/MiKTeX 2.9/fonts/type1/urw/helvetic/uhvr8a.pfb><C:
/Users/simon/AppData/Local/Programs/MiKTeX 2.9/fonts/type1/urw/helvetic/uhvro8a
.pfb>
Output written on tutorial.pdf (119 pages, 3929516 bytes).
PDF statistics:
 1015 PDF objects out of 1200 (max. 8388607)
 260 named destinations out of 1000 (max. 500000)
 303 words of extra memory for PDF output out of 10000 (max. 10000000)

